{"C:\\Users\\Andreea\\Desktop\\An 3 FMI\\Semestrul2\\TSS\\javascriptUnitTesting\\graphql\\mutations\\addRoleToUserMutation.js": {"path":"C:\\Users\\Andreea\\Desktop\\An 3 FMI\\Semestrul2\\TSS\\javascriptUnitTesting\\graphql\\mutations\\addRoleToUserMutation.js","statementMap":{"0":{"start":{"line":1,"column":42},"end":{"line":1,"column":60}},"1":{"start":{"line":2,"column":17},"end":{"line":2,"column":45}},"2":{"start":{"line":3,"column":11},"end":{"line":3,"column":34}},"3":{"start":{"line":4,"column":27},"end":{"line":4,"column":59}},"4":{"start":{"line":6,"column":0},"end":{"line":31,"column":2}},"5":{"start":{"line":14,"column":4},"end":{"line":14,"column":39}},"6":{"start":{"line":16,"column":17},"end":{"line":16,"column":63}},"7":{"start":{"line":17,"column":4},"end":{"line":17,"column":49}},"8":{"start":{"line":17,"column":15},"end":{"line":17,"column":49}},"9":{"start":{"line":19,"column":17},"end":{"line":19,"column":69}},"10":{"start":{"line":20,"column":4},"end":{"line":20,"column":49}},"11":{"start":{"line":20,"column":15},"end":{"line":20,"column":49}},"12":{"start":{"line":23,"column":21},"end":{"line":23,"column":103}},"13":{"start":{"line":24,"column":4},"end":{"line":24,"column":64}},"14":{"start":{"line":24,"column":18},"end":{"line":24,"column":64}},"15":{"start":{"line":26,"column":4},"end":{"line":26,"column":75}},"16":{"start":{"line":28,"column":26},"end":{"line":28,"column":109}},"17":{"start":{"line":29,"column":4},"end":{"line":29,"column":25}}},"fnMap":{"0":{"name":"(anonymous_0)","decl":{"start":{"line":12,"column":11},"end":{"line":12,"column":12}},"loc":{"start":{"line":12,"column":63},"end":{"line":30,"column":3}},"line":12}},"branchMap":{"0":{"loc":{"start":{"line":17,"column":4},"end":{"line":17,"column":49}},"type":"if","locations":[{"start":{"line":17,"column":4},"end":{"line":17,"column":49}},{"start":{},"end":{}}],"line":17},"1":{"loc":{"start":{"line":20,"column":4},"end":{"line":20,"column":49}},"type":"if","locations":[{"start":{"line":20,"column":4},"end":{"line":20,"column":49}},{"start":{},"end":{}}],"line":20},"2":{"loc":{"start":{"line":24,"column":4},"end":{"line":24,"column":64}},"type":"if","locations":[{"start":{"line":24,"column":4},"end":{"line":24,"column":64}},{"start":{},"end":{}}],"line":24}},"s":{"0":16,"1":16,"2":16,"3":16,"4":16,"5":5,"6":4,"7":4,"8":1,"9":3,"10":3,"11":1,"12":2,"13":2,"14":1,"15":1,"16":1,"17":1},"f":{"0":5},"b":{"0":[1,3],"1":[1,2],"2":[1,1]},"_coverageSchema":"1a1c01bbd47fc00a2c39e90264f33305004495a9","hash":"abbc9bcfda5157b613aed7d98084e0329bc8e458"}
,"C:\\Users\\Andreea\\Desktop\\An 3 FMI\\Semestrul2\\TSS\\javascriptUnitTesting\\graphql\\mutations\\addUserToProjectMutation.js": {"path":"C:\\Users\\Andreea\\Desktop\\An 3 FMI\\Semestrul2\\TSS\\javascriptUnitTesting\\graphql\\mutations\\addUserToProjectMutation.js","statementMap":{"0":{"start":{"line":1,"column":43},"end":{"line":1,"column":61}},"1":{"start":{"line":2,"column":34},"end":{"line":2,"column":84}},"2":{"start":{"line":3,"column":11},"end":{"line":3,"column":34}},"3":{"start":{"line":4,"column":27},"end":{"line":4,"column":59}},"4":{"start":{"line":6,"column":0},"end":{"line":34,"column":2}},"5":{"start":{"line":12,"column":18},"end":{"line":12,"column":36}},"6":{"start":{"line":13,"column":34},"end":{"line":13,"column":39}},"7":{"start":{"line":14,"column":4},"end":{"line":14,"column":50}},"8":{"start":{"line":16,"column":20},"end":{"line":16,"column":56}},"9":{"start":{"line":17,"column":4},"end":{"line":17,"column":55}},"10":{"start":{"line":17,"column":18},"end":{"line":17,"column":55}},"11":{"start":{"line":19,"column":17},"end":{"line":19,"column":47}},"12":{"start":{"line":20,"column":4},"end":{"line":20,"column":49}},"13":{"start":{"line":20,"column":15},"end":{"line":20,"column":49}},"14":{"start":{"line":22,"column":26},"end":{"line":24,"column":6}},"15":{"start":{"line":26,"column":4},"end":{"line":28,"column":5}},"16":{"start":{"line":27,"column":6},"end":{"line":27,"column":66}},"17":{"start":{"line":30,"column":4},"end":{"line":30,"column":55}},"18":{"start":{"line":32,"column":4},"end":{"line":32,"column":16}}},"fnMap":{"0":{"name":"(anonymous_0)","decl":{"start":{"line":11,"column":11},"end":{"line":11,"column":12}},"loc":{"start":{"line":11,"column":45},"end":{"line":33,"column":3}},"line":11}},"branchMap":{"0":{"loc":{"start":{"line":12,"column":18},"end":{"line":12,"column":36}},"type":"binary-expr","locations":[{"start":{"line":12,"column":18},"end":{"line":12,"column":28}},{"start":{"line":12,"column":32},"end":{"line":12,"column":36}}],"line":12},"1":{"loc":{"start":{"line":17,"column":4},"end":{"line":17,"column":55}},"type":"if","locations":[{"start":{"line":17,"column":4},"end":{"line":17,"column":55}},{"start":{},"end":{}}],"line":17},"2":{"loc":{"start":{"line":20,"column":4},"end":{"line":20,"column":49}},"type":"if","locations":[{"start":{"line":20,"column":4},"end":{"line":20,"column":49}},{"start":{},"end":{}}],"line":20},"3":{"loc":{"start":{"line":26,"column":4},"end":{"line":28,"column":5}},"type":"if","locations":[{"start":{"line":26,"column":4},"end":{"line":28,"column":5}},{"start":{},"end":{}}],"line":26}},"s":{"0":16,"1":16,"2":16,"3":16,"4":16,"5":8,"6":8,"7":8,"8":7,"9":7,"10":1,"11":6,"12":6,"13":1,"14":5,"15":5,"16":1,"17":4,"18":4},"f":{"0":8},"b":{"0":[8,1],"1":[1,6],"2":[1,5],"3":[1,4]},"_coverageSchema":"1a1c01bbd47fc00a2c39e90264f33305004495a9","hash":"58305b7660287fcb73b89149c17a682caa69ed60"}
,"C:\\Users\\Andreea\\Desktop\\An 3 FMI\\Semestrul2\\TSS\\javascriptUnitTesting\\graphql\\mutations\\assignTaskMutation.js": {"path":"C:\\Users\\Andreea\\Desktop\\An 3 FMI\\Semestrul2\\TSS\\javascriptUnitTesting\\graphql\\mutations\\assignTaskMutation.js","statementMap":{"0":{"start":{"line":1,"column":27},"end":{"line":1,"column":45}},"1":{"start":{"line":2,"column":17},"end":{"line":2,"column":45}},"2":{"start":{"line":3,"column":24},"end":{"line":3,"column":68}},"3":{"start":{"line":4,"column":11},"end":{"line":4,"column":34}},"4":{"start":{"line":6,"column":0},"end":{"line":31,"column":2}},"5":{"start":{"line":12,"column":17},"end":{"line":12,"column":53}},"6":{"start":{"line":13,"column":4},"end":{"line":13,"column":49}},"7":{"start":{"line":13,"column":15},"end":{"line":13,"column":49}},"8":{"start":{"line":15,"column":4},"end":{"line":15,"column":82}},"9":{"start":{"line":15,"column":33},"end":{"line":15,"column":82}},"10":{"start":{"line":17,"column":21},"end":{"line":17,"column":91}},"11":{"start":{"line":18,"column":4},"end":{"line":18,"column":57}},"12":{"start":{"line":18,"column":19},"end":{"line":18,"column":57}},"13":{"start":{"line":20,"column":4},"end":{"line":20,"column":59}},"14":{"start":{"line":22,"column":21},"end":{"line":27,"column":5}},"15":{"start":{"line":29,"column":4},"end":{"line":29,"column":70}}},"fnMap":{"0":{"name":"(anonymous_0)","decl":{"start":{"line":11,"column":11},"end":{"line":11,"column":12}},"loc":{"start":{"line":11,"column":50},"end":{"line":30,"column":3}},"line":11}},"branchMap":{"0":{"loc":{"start":{"line":13,"column":4},"end":{"line":13,"column":49}},"type":"if","locations":[{"start":{"line":13,"column":4},"end":{"line":13,"column":49}},{"start":{},"end":{}}],"line":13},"1":{"loc":{"start":{"line":15,"column":4},"end":{"line":15,"column":82}},"type":"if","locations":[{"start":{"line":15,"column":4},"end":{"line":15,"column":82}},{"start":{},"end":{}}],"line":15},"2":{"loc":{"start":{"line":18,"column":4},"end":{"line":18,"column":57}},"type":"if","locations":[{"start":{"line":18,"column":4},"end":{"line":18,"column":57}},{"start":{},"end":{}}],"line":18}},"s":{"0":16,"1":16,"2":16,"3":16,"4":16,"5":4,"6":4,"7":1,"8":3,"9":1,"10":2,"11":2,"12":1,"13":1,"14":1,"15":1},"f":{"0":4},"b":{"0":[1,3],"1":[1,2],"2":[1,1]},"_coverageSchema":"1a1c01bbd47fc00a2c39e90264f33305004495a9","hash":"b5a81763062bbd6d4ac0f70e49e483875854362c"}
,"C:\\Users\\Andreea\\Desktop\\An 3 FMI\\Semestrul2\\TSS\\javascriptUnitTesting\\graphql\\mutations\\changeTaskStatusMutation.js": {"path":"C:\\Users\\Andreea\\Desktop\\An 3 FMI\\Semestrul2\\TSS\\javascriptUnitTesting\\graphql\\mutations\\changeTaskStatusMutation.js","statementMap":{"0":{"start":{"line":1,"column":27},"end":{"line":1,"column":45}},"1":{"start":{"line":2,"column":17},"end":{"line":2,"column":45}},"2":{"start":{"line":3,"column":30},"end":{"line":3,"column":80}},"3":{"start":{"line":4,"column":11},"end":{"line":4,"column":34}},"4":{"start":{"line":6,"column":0},"end":{"line":37,"column":2}},"5":{"start":{"line":12,"column":17},"end":{"line":12,"column":53}},"6":{"start":{"line":13,"column":4},"end":{"line":13,"column":49}},"7":{"start":{"line":13,"column":15},"end":{"line":13,"column":49}},"8":{"start":{"line":15,"column":26},"end":{"line":15,"column":79}},"9":{"start":{"line":16,"column":4},"end":{"line":18,"column":5}},"10":{"start":{"line":17,"column":6},"end":{"line":17,"column":44}},"11":{"start":{"line":19,"column":4},"end":{"line":21,"column":5}},"12":{"start":{"line":20,"column":6},"end":{"line":20,"column":44}},"13":{"start":{"line":23,"column":28},"end":{"line":23,"column":69}},"14":{"start":{"line":24,"column":4},"end":{"line":24,"column":83}},"15":{"start":{"line":24,"column":49},"end":{"line":24,"column":83}},"16":{"start":{"line":26,"column":4},"end":{"line":26,"column":48}},"17":{"start":{"line":28,"column":21},"end":{"line":33,"column":5}},"18":{"start":{"line":35,"column":4},"end":{"line":35,"column":70}}},"fnMap":{"0":{"name":"(anonymous_0)","decl":{"start":{"line":11,"column":11},"end":{"line":11,"column":12}},"loc":{"start":{"line":11,"column":50},"end":{"line":36,"column":3}},"line":11}},"branchMap":{"0":{"loc":{"start":{"line":13,"column":4},"end":{"line":13,"column":49}},"type":"if","locations":[{"start":{"line":13,"column":4},"end":{"line":13,"column":49}},{"start":{},"end":{}}],"line":13},"1":{"loc":{"start":{"line":16,"column":4},"end":{"line":18,"column":5}},"type":"if","locations":[{"start":{"line":16,"column":4},"end":{"line":18,"column":5}},{"start":{},"end":{}}],"line":16},"2":{"loc":{"start":{"line":19,"column":4},"end":{"line":21,"column":5}},"type":"if","locations":[{"start":{"line":19,"column":4},"end":{"line":21,"column":5}},{"start":{},"end":{}}],"line":19},"3":{"loc":{"start":{"line":24,"column":4},"end":{"line":24,"column":83}},"type":"if","locations":[{"start":{"line":24,"column":4},"end":{"line":24,"column":83}},{"start":{},"end":{}}],"line":24}},"s":{"0":16,"1":16,"2":16,"3":16,"4":16,"5":8,"6":8,"7":1,"8":7,"9":7,"10":1,"11":6,"12":1,"13":5,"14":5,"15":1,"16":4,"17":4,"18":4},"f":{"0":8},"b":{"0":[1,7],"1":[1,6],"2":[1,5],"3":[1,4]},"_coverageSchema":"1a1c01bbd47fc00a2c39e90264f33305004495a9","hash":"5e2c6cf44fba4bb056e3de461247bda9bab20711"}
,"C:\\Users\\Andreea\\Desktop\\An 3 FMI\\Semestrul2\\TSS\\javascriptUnitTesting\\graphql\\mutations\\createProjectMutation.js": {"path":"C:\\Users\\Andreea\\Desktop\\An 3 FMI\\Semestrul2\\TSS\\javascriptUnitTesting\\graphql\\mutations\\createProjectMutation.js","statementMap":{"0":{"start":{"line":1,"column":27},"end":{"line":1,"column":45}},"1":{"start":{"line":2,"column":20},"end":{"line":2,"column":51}},"2":{"start":{"line":3,"column":31},"end":{"line":3,"column":78}},"3":{"start":{"line":4,"column":11},"end":{"line":4,"column":34}},"4":{"start":{"line":5,"column":27},"end":{"line":5,"column":59}},"5":{"start":{"line":7,"column":29},"end":{"line":7,"column":30}},"6":{"start":{"line":8,"column":29},"end":{"line":8,"column":31}},"7":{"start":{"line":9,"column":29},"end":{"line":9,"column":32}},"8":{"start":{"line":11,"column":0},"end":{"line":58,"column":2}},"9":{"start":{"line":17,"column":18},"end":{"line":17,"column":36}},"10":{"start":{"line":18,"column":20},"end":{"line":18,"column":36}},"11":{"start":{"line":19,"column":17},"end":{"line":19,"column":31}},"12":{"start":{"line":20,"column":24},"end":{"line":20,"column":95}},"13":{"start":{"line":21,"column":29},"end":{"line":21,"column":34}},"14":{"start":{"line":22,"column":4},"end":{"line":22,"column":50}},"15":{"start":{"line":24,"column":4},"end":{"line":24,"column":59}},"16":{"start":{"line":24,"column":15},"end":{"line":24,"column":59}},"17":{"start":{"line":25,"column":4},"end":{"line":27,"column":5}},"18":{"start":{"line":26,"column":6},"end":{"line":26,"column":74}},"19":{"start":{"line":28,"column":4},"end":{"line":30,"column":5}},"20":{"start":{"line":29,"column":6},"end":{"line":29,"column":68}},"21":{"start":{"line":32,"column":28},"end":{"line":32,"column":73}},"22":{"start":{"line":33,"column":4},"end":{"line":35,"column":5}},"23":{"start":{"line":34,"column":6},"end":{"line":34,"column":65}},"24":{"start":{"line":37,"column":4},"end":{"line":46,"column":5}},"25":{"start":{"line":38,"column":19},"end":{"line":38,"column":61}},"26":{"start":{"line":39,"column":6},"end":{"line":41,"column":7}},"27":{"start":{"line":40,"column":8},"end":{"line":40,"column":51}},"28":{"start":{"line":42,"column":25},"end":{"line":42,"column":78}},"29":{"start":{"line":43,"column":6},"end":{"line":45,"column":7}},"30":{"start":{"line":44,"column":8},"end":{"line":44,"column":82}},"31":{"start":{"line":48,"column":23},"end":{"line":52,"column":6}},"32":{"start":{"line":54,"column":4},"end":{"line":56,"column":7}}},"fnMap":{"0":{"name":"(anonymous_0)","decl":{"start":{"line":16,"column":11},"end":{"line":16,"column":12}},"loc":{"start":{"line":16,"column":45},"end":{"line":57,"column":3}},"line":16}},"branchMap":{"0":{"loc":{"start":{"line":17,"column":18},"end":{"line":17,"column":36}},"type":"binary-expr","locations":[{"start":{"line":17,"column":18},"end":{"line":17,"column":28}},{"start":{"line":17,"column":32},"end":{"line":17,"column":36}}],"line":17},"1":{"loc":{"start":{"line":18,"column":20},"end":{"line":18,"column":36}},"type":"binary-expr","locations":[{"start":{"line":18,"column":20},"end":{"line":18,"column":30}},{"start":{"line":18,"column":34},"end":{"line":18,"column":36}}],"line":18},"2":{"loc":{"start":{"line":20,"column":24},"end":{"line":20,"column":95}},"type":"cond-expr","locations":[{"start":{"line":20,"column":64},"end":{"line":20,"column":88}},{"start":{"line":20,"column":91},"end":{"line":20,"column":95}}],"line":20},"3":{"loc":{"start":{"line":24,"column":4},"end":{"line":24,"column":59}},"type":"if","locations":[{"start":{"line":24,"column":4},"end":{"line":24,"column":59}},{"start":{},"end":{}}],"line":24},"4":{"loc":{"start":{"line":25,"column":4},"end":{"line":27,"column":5}},"type":"if","locations":[{"start":{"line":25,"column":4},"end":{"line":27,"column":5}},{"start":{},"end":{}}],"line":25},"5":{"loc":{"start":{"line":25,"column":8},"end":{"line":25,"column":80}},"type":"binary-expr","locations":[{"start":{"line":25,"column":8},"end":{"line":25,"column":42}},{"start":{"line":25,"column":46},"end":{"line":25,"column":80}}],"line":25},"6":{"loc":{"start":{"line":28,"column":4},"end":{"line":30,"column":5}},"type":"if","locations":[{"start":{"line":28,"column":4},"end":{"line":30,"column":5}},{"start":{},"end":{}}],"line":28},"7":{"loc":{"start":{"line":28,"column":8},"end":{"line":28,"column":64}},"type":"binary-expr","locations":[{"start":{"line":28,"column":8},"end":{"line":28,"column":19}},{"start":{"line":28,"column":23},"end":{"line":28,"column":64}}],"line":28},"8":{"loc":{"start":{"line":33,"column":4},"end":{"line":35,"column":5}},"type":"if","locations":[{"start":{"line":33,"column":4},"end":{"line":35,"column":5}},{"start":{},"end":{}}],"line":33},"9":{"loc":{"start":{"line":37,"column":4},"end":{"line":46,"column":5}},"type":"if","locations":[{"start":{"line":37,"column":4},"end":{"line":46,"column":5}},{"start":{},"end":{}}],"line":37},"10":{"loc":{"start":{"line":39,"column":6},"end":{"line":41,"column":7}},"type":"if","locations":[{"start":{"line":39,"column":6},"end":{"line":41,"column":7}},{"start":{},"end":{}}],"line":39},"11":{"loc":{"start":{"line":43,"column":6},"end":{"line":45,"column":7}},"type":"if","locations":[{"start":{"line":43,"column":6},"end":{"line":45,"column":7}},{"start":{},"end":{}}],"line":43},"12":{"loc":{"start":{"line":50,"column":19},"end":{"line":50,"column":38}},"type":"binary-expr","locations":[{"start":{"line":50,"column":19},"end":{"line":50,"column":30}},{"start":{"line":50,"column":34},"end":{"line":50,"column":38}}],"line":50},"13":{"loc":{"start":{"line":51,"column":20},"end":{"line":51,"column":40}},"type":"binary-expr","locations":[{"start":{"line":51,"column":20},"end":{"line":51,"column":32}},{"start":{"line":51,"column":36},"end":{"line":51,"column":40}}],"line":51}},"s":{"0":16,"1":16,"2":16,"3":16,"4":16,"5":16,"6":16,"7":16,"8":16,"9":18,"10":18,"11":18,"12":18,"13":18,"14":18,"15":17,"16":1,"17":16,"18":2,"19":14,"20":1,"21":13,"22":13,"23":1,"24":12,"25":5,"26":5,"27":1,"28":4,"29":4,"30":1,"31":10,"32":10},"f":{"0":18},"b":{"0":[18,1],"1":[18,1],"2":[17,1],"3":[1,16],"4":[2,14],"5":[16,15],"6":[1,13],"7":[14,13],"8":[1,12],"9":[5,7],"10":[1,4],"11":[1,3],"12":[10,1],"13":[10,7]},"_coverageSchema":"1a1c01bbd47fc00a2c39e90264f33305004495a9","hash":"895e2d6d4692ef0117d832174de642426cff84ac"}
,"C:\\Users\\Andreea\\Desktop\\An 3 FMI\\Semestrul2\\TSS\\javascriptUnitTesting\\graphql\\mutations\\createSprintMutation.js": {"path":"C:\\Users\\Andreea\\Desktop\\An 3 FMI\\Semestrul2\\TSS\\javascriptUnitTesting\\graphql\\mutations\\createSprintMutation.js","statementMap":{"0":{"start":{"line":1,"column":27},"end":{"line":1,"column":45}},"1":{"start":{"line":2,"column":19},"end":{"line":2,"column":49}},"2":{"start":{"line":3,"column":26},"end":{"line":3,"column":72}},"3":{"start":{"line":4,"column":27},"end":{"line":4,"column":59}},"4":{"start":{"line":5,"column":11},"end":{"line":5,"column":34}},"5":{"start":{"line":6,"column":15},"end":{"line":6,"column":35}},"6":{"start":{"line":8,"column":22},"end":{"line":8,"column":36}},"7":{"start":{"line":10,"column":0},"end":{"line":92,"column":2}},"8":{"start":{"line":16,"column":18},"end":{"line":16,"column":28}},"9":{"start":{"line":18,"column":4},"end":{"line":18,"column":50}},"10":{"start":{"line":20,"column":4},"end":{"line":22,"column":5}},"11":{"start":{"line":21,"column":6},"end":{"line":21,"column":51}},"12":{"start":{"line":23,"column":25},"end":{"line":23,"column":53}},"13":{"start":{"line":25,"column":22},"end":{"line":25,"column":26}},"14":{"start":{"line":26,"column":4},"end":{"line":30,"column":5}},"15":{"start":{"line":27,"column":22},"end":{"line":27,"column":46}},"16":{"start":{"line":28,"column":6},"end":{"line":28,"column":103}},"17":{"start":{"line":28,"column":33},"end":{"line":28,"column":103}},"18":{"start":{"line":29,"column":6},"end":{"line":29,"column":28}},"19":{"start":{"line":31,"column":22},"end":{"line":31,"column":37}},"20":{"start":{"line":32,"column":20},"end":{"line":32,"column":33}},"21":{"start":{"line":33,"column":22},"end":{"line":33,"column":45}},"22":{"start":{"line":35,"column":4},"end":{"line":37,"column":5}},"23":{"start":{"line":36,"column":6},"end":{"line":36,"column":58}},"24":{"start":{"line":38,"column":4},"end":{"line":40,"column":5}},"25":{"start":{"line":39,"column":6},"end":{"line":39,"column":74}},"26":{"start":{"line":42,"column":4},"end":{"line":42,"column":62}},"27":{"start":{"line":42,"column":20},"end":{"line":42,"column":62}},"28":{"start":{"line":43,"column":4},"end":{"line":43,"column":58}},"29":{"start":{"line":43,"column":18},"end":{"line":43,"column":58}},"30":{"start":{"line":45,"column":18},"end":{"line":45,"column":37}},"31":{"start":{"line":46,"column":18},"end":{"line":46,"column":35}},"32":{"start":{"line":47,"column":4},"end":{"line":49,"column":5}},"33":{"start":{"line":48,"column":6},"end":{"line":48,"column":45}},"34":{"start":{"line":50,"column":4},"end":{"line":52,"column":5}},"35":{"start":{"line":51,"column":6},"end":{"line":51,"column":60}},"36":{"start":{"line":54,"column":4},"end":{"line":78,"column":5}},"37":{"start":{"line":55,"column":22},"end":{"line":55,"column":58}},"38":{"start":{"line":56,"column":6},"end":{"line":56,"column":57}},"39":{"start":{"line":56,"column":20},"end":{"line":56,"column":57}},"40":{"start":{"line":58,"column":29},"end":{"line":58,"column":100}},"41":{"start":{"line":59,"column":6},"end":{"line":61,"column":7}},"42":{"start":{"line":60,"column":8},"end":{"line":60,"column":67}},"43":{"start":{"line":63,"column":26},"end":{"line":73,"column":8}},"44":{"start":{"line":75,"column":6},"end":{"line":77,"column":7}},"45":{"start":{"line":76,"column":8},"end":{"line":76,"column":88}},"46":{"start":{"line":80,"column":19},"end":{"line":86,"column":6}},"47":{"start":{"line":88,"column":4},"end":{"line":90,"column":7}}},"fnMap":{"0":{"name":"(anonymous_0)","decl":{"start":{"line":15,"column":11},"end":{"line":15,"column":12}},"loc":{"start":{"line":15,"column":45},"end":{"line":91,"column":3}},"line":15}},"branchMap":{"0":{"loc":{"start":{"line":20,"column":4},"end":{"line":22,"column":5}},"type":"if","locations":[{"start":{"line":20,"column":4},"end":{"line":22,"column":5}},{"start":{},"end":{}}],"line":20},"1":{"loc":{"start":{"line":26,"column":4},"end":{"line":30,"column":5}},"type":"if","locations":[{"start":{"line":26,"column":4},"end":{"line":30,"column":5}},{"start":{},"end":{}}],"line":26},"2":{"loc":{"start":{"line":28,"column":6},"end":{"line":28,"column":103}},"type":"if","locations":[{"start":{"line":28,"column":6},"end":{"line":28,"column":103}},{"start":{},"end":{}}],"line":28},"3":{"loc":{"start":{"line":33,"column":22},"end":{"line":33,"column":45}},"type":"binary-expr","locations":[{"start":{"line":33,"column":22},"end":{"line":33,"column":37}},{"start":{"line":33,"column":41},"end":{"line":33,"column":45}}],"line":33},"4":{"loc":{"start":{"line":35,"column":4},"end":{"line":37,"column":5}},"type":"if","locations":[{"start":{"line":35,"column":4},"end":{"line":37,"column":5}},{"start":{},"end":{}}],"line":35},"5":{"loc":{"start":{"line":38,"column":4},"end":{"line":40,"column":5}},"type":"if","locations":[{"start":{"line":38,"column":4},"end":{"line":40,"column":5}},{"start":{},"end":{}}],"line":38},"6":{"loc":{"start":{"line":42,"column":4},"end":{"line":42,"column":62}},"type":"if","locations":[{"start":{"line":42,"column":4},"end":{"line":42,"column":62}},{"start":{},"end":{}}],"line":42},"7":{"loc":{"start":{"line":43,"column":4},"end":{"line":43,"column":58}},"type":"if","locations":[{"start":{"line":43,"column":4},"end":{"line":43,"column":58}},{"start":{},"end":{}}],"line":43},"8":{"loc":{"start":{"line":47,"column":4},"end":{"line":49,"column":5}},"type":"if","locations":[{"start":{"line":47,"column":4},"end":{"line":49,"column":5}},{"start":{},"end":{}}],"line":47},"9":{"loc":{"start":{"line":47,"column":8},"end":{"line":47,"column":56}},"type":"binary-expr","locations":[{"start":{"line":47,"column":8},"end":{"line":47,"column":30}},{"start":{"line":47,"column":34},"end":{"line":47,"column":56}}],"line":47},"10":{"loc":{"start":{"line":50,"column":4},"end":{"line":52,"column":5}},"type":"if","locations":[{"start":{"line":50,"column":4},"end":{"line":52,"column":5}},{"start":{},"end":{}}],"line":50},"11":{"loc":{"start":{"line":54,"column":4},"end":{"line":78,"column":5}},"type":"if","locations":[{"start":{"line":54,"column":4},"end":{"line":78,"column":5}},{"start":{},"end":{}}],"line":54},"12":{"loc":{"start":{"line":56,"column":6},"end":{"line":56,"column":57}},"type":"if","locations":[{"start":{"line":56,"column":6},"end":{"line":56,"column":57}},{"start":{},"end":{}}],"line":56},"13":{"loc":{"start":{"line":59,"column":6},"end":{"line":61,"column":7}},"type":"if","locations":[{"start":{"line":59,"column":6},"end":{"line":61,"column":7}},{"start":{},"end":{}}],"line":59},"14":{"loc":{"start":{"line":75,"column":6},"end":{"line":77,"column":7}},"type":"if","locations":[{"start":{"line":75,"column":6},"end":{"line":77,"column":7}},{"start":{},"end":{}}],"line":75},"15":{"loc":{"start":{"line":82,"column":19},"end":{"line":82,"column":38}},"type":"binary-expr","locations":[{"start":{"line":82,"column":19},"end":{"line":82,"column":30}},{"start":{"line":82,"column":34},"end":{"line":82,"column":38}}],"line":82}},"s":{"0":16,"1":16,"2":16,"3":16,"4":16,"5":16,"6":16,"7":16,"8":24,"9":24,"10":23,"11":1,"12":22,"13":22,"14":22,"15":19,"16":19,"17":1,"18":18,"19":21,"20":21,"21":21,"22":21,"23":1,"24":20,"25":2,"26":18,"27":1,"28":17,"29":1,"30":16,"31":16,"32":16,"33":1,"34":15,"35":2,"36":13,"37":12,"38":12,"39":1,"40":11,"41":11,"42":1,"43":10,"44":10,"45":1,"46":10,"47":10},"f":{"0":24},"b":{"0":[1,22],"1":[19,3],"2":[1,18],"3":[21,1],"4":[1,20],"5":[2,18],"6":[1,17],"7":[1,16],"8":[1,15],"9":[16,15],"10":[2,13],"11":[12,1],"12":[1,11],"13":[1,10],"14":[1,9],"15":[10,3]},"_coverageSchema":"1a1c01bbd47fc00a2c39e90264f33305004495a9","hash":"31050c81824a7b47cefe8a57b3561054897381da"}
,"C:\\Users\\Andreea\\Desktop\\An 3 FMI\\Semestrul2\\TSS\\javascriptUnitTesting\\graphql\\mutations\\createTaskMutation.js": {"path":"C:\\Users\\Andreea\\Desktop\\An 3 FMI\\Semestrul2\\TSS\\javascriptUnitTesting\\graphql\\mutations\\createTaskMutation.js","statementMap":{"0":{"start":{"line":1,"column":27},"end":{"line":1,"column":45}},"1":{"start":{"line":2,"column":17},"end":{"line":2,"column":45}},"2":{"start":{"line":3,"column":24},"end":{"line":3,"column":68}},"3":{"start":{"line":4,"column":11},"end":{"line":4,"column":34}},"4":{"start":{"line":5,"column":22},"end":{"line":5,"column":54}},"5":{"start":{"line":7,"column":0},"end":{"line":92,"column":2}},"6":{"start":{"line":13,"column":20},"end":{"line":13,"column":38}},"7":{"start":{"line":14,"column":23},"end":{"line":14,"column":37}},"8":{"start":{"line":16,"column":4},"end":{"line":18,"column":5}},"9":{"start":{"line":17,"column":6},"end":{"line":17,"column":47}},"10":{"start":{"line":19,"column":17},"end":{"line":19,"column":35}},"11":{"start":{"line":21,"column":4},"end":{"line":21,"column":87}},"12":{"start":{"line":21,"column":27},"end":{"line":21,"column":87}},"13":{"start":{"line":23,"column":24},"end":{"line":35,"column":8}},"14":{"start":{"line":24,"column":29},"end":{"line":24,"column":87}},"15":{"start":{"line":25,"column":6},"end":{"line":27,"column":7}},"16":{"start":{"line":26,"column":8},"end":{"line":26,"column":56}},"17":{"start":{"line":28,"column":6},"end":{"line":30,"column":7}},"18":{"start":{"line":29,"column":8},"end":{"line":29,"column":56}},"19":{"start":{"line":31,"column":22},"end":{"line":31,"column":54}},"20":{"start":{"line":32,"column":6},"end":{"line":32,"column":74}},"21":{"start":{"line":32,"column":26},"end":{"line":32,"column":74}},"22":{"start":{"line":33,"column":6},"end":{"line":33,"column":101}},"23":{"start":{"line":33,"column":33},"end":{"line":33,"column":101}},"24":{"start":{"line":34,"column":6},"end":{"line":34,"column":21}},"25":{"start":{"line":37,"column":29},"end":{"line":37,"column":79}},"26":{"start":{"line":38,"column":27},"end":{"line":38,"column":105}},"27":{"start":{"line":39,"column":4},"end":{"line":39,"column":105}},"28":{"start":{"line":39,"column":71},"end":{"line":39,"column":105}},"29":{"start":{"line":41,"column":25},"end":{"line":41,"column":29}},"30":{"start":{"line":42,"column":4},"end":{"line":46,"column":5}},"31":{"start":{"line":43,"column":23},"end":{"line":43,"column":93}},"32":{"start":{"line":44,"column":6},"end":{"line":44,"column":59}},"33":{"start":{"line":44,"column":21},"end":{"line":44,"column":59}},"34":{"start":{"line":45,"column":6},"end":{"line":45,"column":39}},"35":{"start":{"line":48,"column":20},"end":{"line":48,"column":24}},"36":{"start":{"line":49,"column":31},"end":{"line":49,"column":89}},"37":{"start":{"line":50,"column":4},"end":{"line":52,"column":5}},"38":{"start":{"line":51,"column":6},"end":{"line":51,"column":50}},"39":{"start":{"line":53,"column":4},"end":{"line":55,"column":5}},"40":{"start":{"line":54,"column":6},"end":{"line":54,"column":50}},"41":{"start":{"line":56,"column":32},"end":{"line":56,"column":56}},"42":{"start":{"line":57,"column":4},"end":{"line":57,"column":80}},"43":{"start":{"line":57,"column":36},"end":{"line":57,"column":80}},"44":{"start":{"line":58,"column":20},"end":{"line":58,"column":86}},"45":{"start":{"line":59,"column":4},"end":{"line":59,"column":55}},"46":{"start":{"line":59,"column":18},"end":{"line":59,"column":55}},"47":{"start":{"line":60,"column":4},"end":{"line":60,"column":34}},"48":{"start":{"line":62,"column":19},"end":{"line":62,"column":23}},"49":{"start":{"line":63,"column":26},"end":{"line":63,"column":85}},"50":{"start":{"line":64,"column":4},"end":{"line":70,"column":5}},"51":{"start":{"line":65,"column":18},"end":{"line":65,"column":44}},"52":{"start":{"line":66,"column":26},"end":{"line":66,"column":52}},"53":{"start":{"line":67,"column":21},"end":{"line":67,"column":68}},"54":{"start":{"line":68,"column":6},"end":{"line":68,"column":55}},"55":{"start":{"line":68,"column":19},"end":{"line":68,"column":55}},"56":{"start":{"line":69,"column":6},"end":{"line":69,"column":33}},"57":{"start":{"line":72,"column":20},"end":{"line":80,"column":6}},"58":{"start":{"line":83,"column":21},"end":{"line":83,"column":23}},"59":{"start":{"line":84,"column":4},"end":{"line":84,"column":99}},"60":{"start":{"line":85,"column":4},"end":{"line":85,"column":99}},"61":{"start":{"line":86,"column":4},"end":{"line":86,"column":90}},"62":{"start":{"line":87,"column":4},"end":{"line":87,"column":91}},"63":{"start":{"line":89,"column":17},"end":{"line":89,"column":78}},"64":{"start":{"line":90,"column":4},"end":{"line":90,"column":16}}},"fnMap":{"0":{"name":"(anonymous_0)","decl":{"start":{"line":12,"column":11},"end":{"line":12,"column":12}},"loc":{"start":{"line":12,"column":50},"end":{"line":91,"column":3}},"line":12},"1":{"name":"(anonymous_1)","decl":{"start":{"line":23,"column":25},"end":{"line":23,"column":26}},"loc":{"start":{"line":23,"column":31},"end":{"line":35,"column":5}},"line":23}},"branchMap":{"0":{"loc":{"start":{"line":16,"column":4},"end":{"line":18,"column":5}},"type":"if","locations":[{"start":{"line":16,"column":4},"end":{"line":18,"column":5}},{"start":{},"end":{}}],"line":16},"1":{"loc":{"start":{"line":16,"column":8},"end":{"line":16,"column":102}},"type":"binary-expr","locations":[{"start":{"line":16,"column":8},"end":{"line":16,"column":60}},{"start":{"line":16,"column":64},"end":{"line":16,"column":102}}],"line":16},"2":{"loc":{"start":{"line":16,"column":71},"end":{"line":16,"column":87}},"type":"binary-expr","locations":[{"start":{"line":16,"column":71},"end":{"line":16,"column":81}},{"start":{"line":16,"column":85},"end":{"line":16,"column":87}}],"line":16},"3":{"loc":{"start":{"line":21,"column":4},"end":{"line":21,"column":87}},"type":"if","locations":[{"start":{"line":21,"column":4},"end":{"line":21,"column":87}},{"start":{},"end":{}}],"line":21},"4":{"loc":{"start":{"line":25,"column":6},"end":{"line":27,"column":7}},"type":"if","locations":[{"start":{"line":25,"column":6},"end":{"line":27,"column":7}},{"start":{},"end":{}}],"line":25},"5":{"loc":{"start":{"line":28,"column":6},"end":{"line":30,"column":7}},"type":"if","locations":[{"start":{"line":28,"column":6},"end":{"line":30,"column":7}},{"start":{},"end":{}}],"line":28},"6":{"loc":{"start":{"line":32,"column":6},"end":{"line":32,"column":74}},"type":"if","locations":[{"start":{"line":32,"column":6},"end":{"line":32,"column":74}},{"start":{},"end":{}}],"line":32},"7":{"loc":{"start":{"line":33,"column":6},"end":{"line":33,"column":101}},"type":"if","locations":[{"start":{"line":33,"column":6},"end":{"line":33,"column":101}},{"start":{},"end":{}}],"line":33},"8":{"loc":{"start":{"line":38,"column":27},"end":{"line":38,"column":105}},"type":"binary-expr","locations":[{"start":{"line":38,"column":27},"end":{"line":38,"column":80}},{"start":{"line":38,"column":84},"end":{"line":38,"column":105}}],"line":38},"9":{"loc":{"start":{"line":39,"column":4},"end":{"line":39,"column":105}},"type":"if","locations":[{"start":{"line":39,"column":4},"end":{"line":39,"column":105}},{"start":{},"end":{}}],"line":39},"10":{"loc":{"start":{"line":39,"column":8},"end":{"line":39,"column":69}},"type":"binary-expr","locations":[{"start":{"line":39,"column":8},"end":{"line":39,"column":22}},{"start":{"line":39,"column":26},"end":{"line":39,"column":69}}],"line":39},"11":{"loc":{"start":{"line":42,"column":4},"end":{"line":46,"column":5}},"type":"if","locations":[{"start":{"line":42,"column":4},"end":{"line":46,"column":5}},{"start":{},"end":{}}],"line":42},"12":{"loc":{"start":{"line":44,"column":6},"end":{"line":44,"column":59}},"type":"if","locations":[{"start":{"line":44,"column":6},"end":{"line":44,"column":59}},{"start":{},"end":{}}],"line":44},"13":{"loc":{"start":{"line":50,"column":4},"end":{"line":52,"column":5}},"type":"if","locations":[{"start":{"line":50,"column":4},"end":{"line":52,"column":5}},{"start":{},"end":{}}],"line":50},"14":{"loc":{"start":{"line":53,"column":4},"end":{"line":55,"column":5}},"type":"if","locations":[{"start":{"line":53,"column":4},"end":{"line":55,"column":5}},{"start":{},"end":{}}],"line":53},"15":{"loc":{"start":{"line":57,"column":4},"end":{"line":57,"column":80}},"type":"if","locations":[{"start":{"line":57,"column":4},"end":{"line":57,"column":80}},{"start":{},"end":{}}],"line":57},"16":{"loc":{"start":{"line":59,"column":4},"end":{"line":59,"column":55}},"type":"if","locations":[{"start":{"line":59,"column":4},"end":{"line":59,"column":55}},{"start":{},"end":{}}],"line":59},"17":{"loc":{"start":{"line":64,"column":4},"end":{"line":70,"column":5}},"type":"if","locations":[{"start":{"line":64,"column":4},"end":{"line":70,"column":5}},{"start":{},"end":{}}],"line":64},"18":{"loc":{"start":{"line":68,"column":6},"end":{"line":68,"column":55}},"type":"if","locations":[{"start":{"line":68,"column":6},"end":{"line":68,"column":55}},{"start":{},"end":{}}],"line":68},"19":{"loc":{"start":{"line":75,"column":14},"end":{"line":75,"column":52}},"type":"cond-expr","locations":[{"start":{"line":75,"column":31},"end":{"line":75,"column":43}},{"start":{"line":75,"column":46},"end":{"line":75,"column":52}}],"line":75}},"s":{"0":16,"1":16,"2":16,"3":16,"4":16,"5":16,"6":39,"7":39,"8":39,"9":5,"10":34,"11":34,"12":2,"13":32,"14":32,"15":32,"16":2,"17":30,"18":1,"19":29,"20":29,"21":1,"22":28,"23":1,"24":27,"25":27,"26":27,"27":27,"28":3,"29":24,"30":24,"31":2,"32":2,"33":1,"34":1,"35":23,"36":23,"37":23,"38":1,"39":22,"40":1,"41":21,"42":21,"43":2,"44":19,"45":19,"46":1,"47":18,"48":18,"49":18,"50":18,"51":12,"52":12,"53":12,"54":12,"55":2,"56":10,"57":16,"58":16,"59":16,"60":16,"61":16,"62":16,"63":16,"64":16},"f":{"0":39,"1":32},"b":{"0":[5,34],"1":[39,37],"2":[37,1],"3":[2,32],"4":[2,30],"5":[1,29],"6":[1,28],"7":[1,27],"8":[27,19],"9":[3,24],"10":[27,18],"11":[2,22],"12":[1,1],"13":[1,22],"14":[1,21],"15":[2,19],"16":[1,18],"17":[12,6],"18":[2,10],"19":[9,7]},"_coverageSchema":"1a1c01bbd47fc00a2c39e90264f33305004495a9","hash":"49343c3597160afb6cce2987a4e989f5c3610d5c"}
,"C:\\Users\\Andreea\\Desktop\\An 3 FMI\\Semestrul2\\TSS\\javascriptUnitTesting\\graphql\\mutations\\deleteProjectMutation.js": {"path":"C:\\Users\\Andreea\\Desktop\\An 3 FMI\\Semestrul2\\TSS\\javascriptUnitTesting\\graphql\\mutations\\deleteProjectMutation.js","statementMap":{"0":{"start":{"line":1,"column":55},"end":{"line":1,"column":73}},"1":{"start":{"line":2,"column":11},"end":{"line":2,"column":34}},"2":{"start":{"line":3,"column":27},"end":{"line":3,"column":59}},"3":{"start":{"line":5,"column":0},"end":{"line":20,"column":2}},"4":{"start":{"line":11,"column":4},"end":{"line":11,"column":39}},"5":{"start":{"line":13,"column":20},"end":{"line":13,"column":56}},"6":{"start":{"line":14,"column":4},"end":{"line":14,"column":55}},"7":{"start":{"line":14,"column":18},"end":{"line":14,"column":55}},"8":{"start":{"line":16,"column":4},"end":{"line":16,"column":28}},"9":{"start":{"line":18,"column":4},"end":{"line":18,"column":16}}},"fnMap":{"0":{"name":"(anonymous_0)","decl":{"start":{"line":10,"column":11},"end":{"line":10,"column":12}},"loc":{"start":{"line":10,"column":54},"end":{"line":19,"column":3}},"line":10}},"branchMap":{"0":{"loc":{"start":{"line":14,"column":4},"end":{"line":14,"column":55}},"type":"if","locations":[{"start":{"line":14,"column":4},"end":{"line":14,"column":55}},{"start":{},"end":{}}],"line":14}},"s":{"0":16,"1":16,"2":16,"3":16,"4":3,"5":2,"6":2,"7":1,"8":1,"9":1},"f":{"0":3},"b":{"0":[1,1]},"_coverageSchema":"1a1c01bbd47fc00a2c39e90264f33305004495a9","hash":"35014bf3006f2af4f8498984922611e09339c1b6"}
,"C:\\Users\\Andreea\\Desktop\\An 3 FMI\\Semestrul2\\TSS\\javascriptUnitTesting\\graphql\\mutations\\deleteSprintMutation.js": {"path":"C:\\Users\\Andreea\\Desktop\\An 3 FMI\\Semestrul2\\TSS\\javascriptUnitTesting\\graphql\\mutations\\deleteSprintMutation.js","statementMap":{"0":{"start":{"line":1,"column":54},"end":{"line":1,"column":72}},"1":{"start":{"line":2,"column":27},"end":{"line":2,"column":59}},"2":{"start":{"line":3,"column":11},"end":{"line":3,"column":34}},"3":{"start":{"line":5,"column":0},"end":{"line":19,"column":2}},"4":{"start":{"line":11,"column":4},"end":{"line":11,"column":50}},"5":{"start":{"line":13,"column":19},"end":{"line":13,"column":53}},"6":{"start":{"line":14,"column":4},"end":{"line":14,"column":53}},"7":{"start":{"line":14,"column":17},"end":{"line":14,"column":53}},"8":{"start":{"line":16,"column":4},"end":{"line":16,"column":27}},"9":{"start":{"line":17,"column":4},"end":{"line":17,"column":28}}},"fnMap":{"0":{"name":"(anonymous_0)","decl":{"start":{"line":10,"column":11},"end":{"line":10,"column":12}},"loc":{"start":{"line":10,"column":53},"end":{"line":18,"column":3}},"line":10}},"branchMap":{"0":{"loc":{"start":{"line":14,"column":4},"end":{"line":14,"column":53}},"type":"if","locations":[{"start":{"line":14,"column":4},"end":{"line":14,"column":53}},{"start":{},"end":{}}],"line":14}},"s":{"0":16,"1":16,"2":16,"3":16,"4":4,"5":3,"6":3,"7":1,"8":2,"9":2},"f":{"0":4},"b":{"0":[1,2]},"_coverageSchema":"1a1c01bbd47fc00a2c39e90264f33305004495a9","hash":"2c1e2b74a4c6079155e88625f5b21d36dc4f25a9"}
,"C:\\Users\\Andreea\\Desktop\\An 3 FMI\\Semestrul2\\TSS\\javascriptUnitTesting\\graphql\\mutations\\deleteTaskMutation.js": {"path":"C:\\Users\\Andreea\\Desktop\\An 3 FMI\\Semestrul2\\TSS\\javascriptUnitTesting\\graphql\\mutations\\deleteTaskMutation.js","statementMap":{"0":{"start":{"line":1,"column":54},"end":{"line":1,"column":72}},"1":{"start":{"line":2,"column":27},"end":{"line":2,"column":59}},"2":{"start":{"line":3,"column":11},"end":{"line":3,"column":34}},"3":{"start":{"line":5,"column":0},"end":{"line":19,"column":2}},"4":{"start":{"line":11,"column":4},"end":{"line":11,"column":50}},"5":{"start":{"line":13,"column":17},"end":{"line":13,"column":47}},"6":{"start":{"line":14,"column":4},"end":{"line":14,"column":49}},"7":{"start":{"line":14,"column":15},"end":{"line":14,"column":49}},"8":{"start":{"line":16,"column":4},"end":{"line":16,"column":25}},"9":{"start":{"line":17,"column":4},"end":{"line":17,"column":26}}},"fnMap":{"0":{"name":"(anonymous_0)","decl":{"start":{"line":10,"column":11},"end":{"line":10,"column":12}},"loc":{"start":{"line":10,"column":51},"end":{"line":18,"column":3}},"line":10}},"branchMap":{"0":{"loc":{"start":{"line":14,"column":4},"end":{"line":14,"column":49}},"type":"if","locations":[{"start":{"line":14,"column":4},"end":{"line":14,"column":49}},{"start":{},"end":{}}],"line":14}},"s":{"0":16,"1":16,"2":16,"3":16,"4":4,"5":3,"6":3,"7":1,"8":2,"9":2},"f":{"0":4},"b":{"0":[1,2]},"_coverageSchema":"1a1c01bbd47fc00a2c39e90264f33305004495a9","hash":"6f6e86e1642660d039c8bca66c3c40fe76fe367d"}
,"C:\\Users\\Andreea\\Desktop\\An 3 FMI\\Semestrul2\\TSS\\javascriptUnitTesting\\graphql\\mutations\\loginMutation.js": {"path":"C:\\Users\\Andreea\\Desktop\\An 3 FMI\\Semestrul2\\TSS\\javascriptUnitTesting\\graphql\\mutations\\loginMutation.js","statementMap":{"0":{"start":{"line":1,"column":27},"end":{"line":1,"column":45}},"1":{"start":{"line":2,"column":15},"end":{"line":2,"column":32}},"2":{"start":{"line":3,"column":12},"end":{"line":3,"column":35}},"3":{"start":{"line":5,"column":17},"end":{"line":5,"column":45}},"4":{"start":{"line":6,"column":23},"end":{"line":6,"column":62}},"5":{"start":{"line":7,"column":11},"end":{"line":7,"column":34}},"6":{"start":{"line":8,"column":27},"end":{"line":8,"column":53}},"7":{"start":{"line":10,"column":19},"end":{"line":10,"column":47}},"8":{"start":{"line":11,"column":23},"end":{"line":11,"column":24}},"9":{"start":{"line":12,"column":23},"end":{"line":12,"column":26}},"10":{"start":{"line":13,"column":26},"end":{"line":13,"column":27}},"11":{"start":{"line":14,"column":26},"end":{"line":14,"column":28}},"12":{"start":{"line":16,"column":0},"end":{"line":54,"column":2}},"13":{"start":{"line":22,"column":18},"end":{"line":22,"column":44}},"14":{"start":{"line":23,"column":21},"end":{"line":23,"column":41}},"15":{"start":{"line":25,"column":4},"end":{"line":25,"column":53}},"16":{"start":{"line":25,"column":16},"end":{"line":25,"column":53}},"17":{"start":{"line":26,"column":4},"end":{"line":28,"column":5}},"18":{"start":{"line":27,"column":6},"end":{"line":27,"column":68}},"19":{"start":{"line":29,"column":4},"end":{"line":29,"column":69}},"20":{"start":{"line":29,"column":33},"end":{"line":29,"column":69}},"21":{"start":{"line":31,"column":4},"end":{"line":31,"column":59}},"22":{"start":{"line":31,"column":19},"end":{"line":31,"column":59}},"23":{"start":{"line":32,"column":4},"end":{"line":34,"column":5}},"24":{"start":{"line":33,"column":6},"end":{"line":33,"column":70}},"25":{"start":{"line":36,"column":17},"end":{"line":36,"column":176}},"26":{"start":{"line":37,"column":4},"end":{"line":39,"column":5}},"27":{"start":{"line":38,"column":6},"end":{"line":38,"column":45}},"28":{"start":{"line":41,"column":15},"end":{"line":41,"column":66}},"29":{"start":{"line":42,"column":4},"end":{"line":44,"column":5}},"30":{"start":{"line":43,"column":6},"end":{"line":43,"column":45}},"31":{"start":{"line":46,"column":22},"end":{"line":46,"column":49}},"32":{"start":{"line":46,"column":42},"end":{"line":46,"column":48}},"33":{"start":{"line":47,"column":18},"end":{"line":47,"column":103}},"34":{"start":{"line":49,"column":4},"end":{"line":52,"column":6}}},"fnMap":{"0":{"name":"(anonymous_0)","decl":{"start":{"line":21,"column":2},"end":{"line":21,"column":3}},"loc":{"start":{"line":21,"column":30},"end":{"line":53,"column":3}},"line":21},"1":{"name":"(anonymous_1)","decl":{"start":{"line":46,"column":37},"end":{"line":46,"column":38}},"loc":{"start":{"line":46,"column":42},"end":{"line":46,"column":48}},"line":46}},"branchMap":{"0":{"loc":{"start":{"line":22,"column":19},"end":{"line":22,"column":36}},"type":"binary-expr","locations":[{"start":{"line":22,"column":19},"end":{"line":22,"column":30}},{"start":{"line":22,"column":34},"end":{"line":22,"column":36}}],"line":22},"1":{"loc":{"start":{"line":23,"column":21},"end":{"line":23,"column":41}},"type":"binary-expr","locations":[{"start":{"line":23,"column":21},"end":{"line":23,"column":35}},{"start":{"line":23,"column":39},"end":{"line":23,"column":41}}],"line":23},"2":{"loc":{"start":{"line":25,"column":4},"end":{"line":25,"column":53}},"type":"if","locations":[{"start":{"line":25,"column":4},"end":{"line":25,"column":53}},{"start":{},"end":{}}],"line":25},"3":{"loc":{"start":{"line":26,"column":4},"end":{"line":28,"column":5}},"type":"if","locations":[{"start":{"line":26,"column":4},"end":{"line":28,"column":5}},{"start":{},"end":{}}],"line":26},"4":{"loc":{"start":{"line":26,"column":8},"end":{"line":26,"column":70}},"type":"binary-expr","locations":[{"start":{"line":26,"column":8},"end":{"line":26,"column":37}},{"start":{"line":26,"column":41},"end":{"line":26,"column":70}}],"line":26},"5":{"loc":{"start":{"line":29,"column":4},"end":{"line":29,"column":69}},"type":"if","locations":[{"start":{"line":29,"column":4},"end":{"line":29,"column":69}},{"start":{},"end":{}}],"line":29},"6":{"loc":{"start":{"line":31,"column":4},"end":{"line":31,"column":59}},"type":"if","locations":[{"start":{"line":31,"column":4},"end":{"line":31,"column":59}},{"start":{},"end":{}}],"line":31},"7":{"loc":{"start":{"line":32,"column":4},"end":{"line":34,"column":5}},"type":"if","locations":[{"start":{"line":32,"column":4},"end":{"line":34,"column":5}},{"start":{},"end":{}}],"line":32},"8":{"loc":{"start":{"line":32,"column":8},"end":{"line":32,"column":82}},"type":"binary-expr","locations":[{"start":{"line":32,"column":8},"end":{"line":32,"column":43}},{"start":{"line":32,"column":47},"end":{"line":32,"column":82}}],"line":32},"9":{"loc":{"start":{"line":37,"column":4},"end":{"line":39,"column":5}},"type":"if","locations":[{"start":{"line":37,"column":4},"end":{"line":39,"column":5}},{"start":{},"end":{}}],"line":37},"10":{"loc":{"start":{"line":42,"column":4},"end":{"line":44,"column":5}},"type":"if","locations":[{"start":{"line":42,"column":4},"end":{"line":44,"column":5}},{"start":{},"end":{}}],"line":42}},"s":{"0":16,"1":16,"2":16,"3":16,"4":16,"5":16,"6":16,"7":16,"8":16,"9":16,"10":16,"11":16,"12":16,"13":18,"14":18,"15":18,"16":1,"17":17,"18":2,"19":15,"20":3,"21":12,"22":1,"23":11,"24":2,"25":9,"26":9,"27":2,"28":7,"29":7,"30":1,"31":6,"32":1,"33":6,"34":6},"f":{"0":18,"1":1},"b":{"0":[18,1],"1":[18,1],"2":[1,17],"3":[2,15],"4":[17,16],"5":[3,12],"6":[1,11],"7":[2,9],"8":[11,10],"9":[2,7],"10":[1,6]},"_coverageSchema":"1a1c01bbd47fc00a2c39e90264f33305004495a9","hash":"e53bf7180839b3e995b3ff31daeb58feb47935db"}
,"C:\\Users\\Andreea\\Desktop\\An 3 FMI\\Semestrul2\\TSS\\javascriptUnitTesting\\graphql\\mutations\\registerMutation.js": {"path":"C:\\Users\\Andreea\\Desktop\\An 3 FMI\\Semestrul2\\TSS\\javascriptUnitTesting\\graphql\\mutations\\registerMutation.js","statementMap":{"0":{"start":{"line":1,"column":27},"end":{"line":1,"column":45}},"1":{"start":{"line":2,"column":15},"end":{"line":2,"column":32}},"2":{"start":{"line":3,"column":12},"end":{"line":3,"column":35}},"3":{"start":{"line":5,"column":17},"end":{"line":5,"column":45}},"4":{"start":{"line":6,"column":26},"end":{"line":6,"column":68}},"5":{"start":{"line":7,"column":11},"end":{"line":7,"column":34}},"6":{"start":{"line":8,"column":27},"end":{"line":8,"column":53}},"7":{"start":{"line":10,"column":19},"end":{"line":10,"column":47}},"8":{"start":{"line":11,"column":23},"end":{"line":11,"column":24}},"9":{"start":{"line":12,"column":23},"end":{"line":12,"column":26}},"10":{"start":{"line":13,"column":26},"end":{"line":13,"column":27}},"11":{"start":{"line":14,"column":26},"end":{"line":14,"column":28}},"12":{"start":{"line":15,"column":26},"end":{"line":15,"column":27}},"13":{"start":{"line":16,"column":26},"end":{"line":16,"column":28}},"14":{"start":{"line":17,"column":22},"end":{"line":17,"column":23}},"15":{"start":{"line":18,"column":22},"end":{"line":18,"column":24}},"16":{"start":{"line":20,"column":0},"end":{"line":99,"column":2}},"17":{"start":{"line":26,"column":18},"end":{"line":26,"column":44}},"18":{"start":{"line":27,"column":21},"end":{"line":27,"column":41}},"19":{"start":{"line":28,"column":21},"end":{"line":28,"column":50}},"20":{"start":{"line":29,"column":22},"end":{"line":29,"column":52}},"21":{"start":{"line":30,"column":21},"end":{"line":30,"column":50}},"22":{"start":{"line":32,"column":4},"end":{"line":32,"column":53}},"23":{"start":{"line":32,"column":16},"end":{"line":32,"column":53}},"24":{"start":{"line":33,"column":4},"end":{"line":35,"column":5}},"25":{"start":{"line":34,"column":6},"end":{"line":34,"column":68}},"26":{"start":{"line":36,"column":4},"end":{"line":36,"column":69}},"27":{"start":{"line":36,"column":33},"end":{"line":36,"column":69}},"28":{"start":{"line":38,"column":4},"end":{"line":38,"column":59}},"29":{"start":{"line":38,"column":19},"end":{"line":38,"column":59}},"30":{"start":{"line":39,"column":4},"end":{"line":41,"column":5}},"31":{"start":{"line":40,"column":6},"end":{"line":40,"column":70}},"32":{"start":{"line":43,"column":4},"end":{"line":43,"column":59}},"33":{"start":{"line":43,"column":19},"end":{"line":43,"column":59}},"34":{"start":{"line":44,"column":4},"end":{"line":46,"column":5}},"35":{"start":{"line":45,"column":6},"end":{"line":45,"column":70}},"36":{"start":{"line":48,"column":4},"end":{"line":48,"column":62}},"37":{"start":{"line":48,"column":20},"end":{"line":48,"column":62}},"38":{"start":{"line":49,"column":4},"end":{"line":51,"column":5}},"39":{"start":{"line":50,"column":6},"end":{"line":50,"column":72}},"40":{"start":{"line":53,"column":4},"end":{"line":53,"column":60}},"41":{"start":{"line":53,"column":19},"end":{"line":53,"column":60}},"42":{"start":{"line":54,"column":4},"end":{"line":56,"column":5}},"43":{"start":{"line":55,"column":6},"end":{"line":55,"column":71}},"44":{"start":{"line":58,"column":26},"end":{"line":58,"column":69}},"45":{"start":{"line":59,"column":4},"end":{"line":61,"column":5}},"46":{"start":{"line":60,"column":6},"end":{"line":60,"column":46}},"47":{"start":{"line":63,"column":29},"end":{"line":63,"column":75}},"48":{"start":{"line":64,"column":4},"end":{"line":66,"column":5}},"49":{"start":{"line":65,"column":6},"end":{"line":65,"column":49}},"50":{"start":{"line":68,"column":19},"end":{"line":68,"column":56}},"51":{"start":{"line":70,"column":17},"end":{"line":77,"column":6}},"52":{"start":{"line":80,"column":25},"end":{"line":80,"column":79}},"53":{"start":{"line":81,"column":4},"end":{"line":85,"column":5}},"54":{"start":{"line":82,"column":6},"end":{"line":84,"column":9}},"55":{"start":{"line":88,"column":26},"end":{"line":88,"column":181}},"56":{"start":{"line":89,"column":4},"end":{"line":89,"column":48}},"57":{"start":{"line":91,"column":22},"end":{"line":91,"column":58}},"58":{"start":{"line":91,"column":51},"end":{"line":91,"column":57}},"59":{"start":{"line":92,"column":18},"end":{"line":92,"column":103}},"60":{"start":{"line":94,"column":4},"end":{"line":97,"column":6}}},"fnMap":{"0":{"name":"(anonymous_0)","decl":{"start":{"line":25,"column":2},"end":{"line":25,"column":3}},"loc":{"start":{"line":25,"column":30},"end":{"line":98,"column":3}},"line":25},"1":{"name":"(anonymous_1)","decl":{"start":{"line":91,"column":46},"end":{"line":91,"column":47}},"loc":{"start":{"line":91,"column":51},"end":{"line":91,"column":57}},"line":91}},"branchMap":{"0":{"loc":{"start":{"line":26,"column":19},"end":{"line":26,"column":36}},"type":"binary-expr","locations":[{"start":{"line":26,"column":19},"end":{"line":26,"column":30}},{"start":{"line":26,"column":34},"end":{"line":26,"column":36}}],"line":26},"1":{"loc":{"start":{"line":27,"column":21},"end":{"line":27,"column":41}},"type":"binary-expr","locations":[{"start":{"line":27,"column":21},"end":{"line":27,"column":35}},{"start":{"line":27,"column":39},"end":{"line":27,"column":41}}],"line":27},"2":{"loc":{"start":{"line":28,"column":22},"end":{"line":28,"column":42}},"type":"binary-expr","locations":[{"start":{"line":28,"column":22},"end":{"line":28,"column":36}},{"start":{"line":28,"column":40},"end":{"line":28,"column":42}}],"line":28},"3":{"loc":{"start":{"line":29,"column":23},"end":{"line":29,"column":44}},"type":"binary-expr","locations":[{"start":{"line":29,"column":23},"end":{"line":29,"column":38}},{"start":{"line":29,"column":42},"end":{"line":29,"column":44}}],"line":29},"4":{"loc":{"start":{"line":30,"column":22},"end":{"line":30,"column":42}},"type":"binary-expr","locations":[{"start":{"line":30,"column":22},"end":{"line":30,"column":36}},{"start":{"line":30,"column":40},"end":{"line":30,"column":42}}],"line":30},"5":{"loc":{"start":{"line":32,"column":4},"end":{"line":32,"column":53}},"type":"if","locations":[{"start":{"line":32,"column":4},"end":{"line":32,"column":53}},{"start":{},"end":{}}],"line":32},"6":{"loc":{"start":{"line":33,"column":4},"end":{"line":35,"column":5}},"type":"if","locations":[{"start":{"line":33,"column":4},"end":{"line":35,"column":5}},{"start":{},"end":{}}],"line":33},"7":{"loc":{"start":{"line":33,"column":8},"end":{"line":33,"column":70}},"type":"binary-expr","locations":[{"start":{"line":33,"column":8},"end":{"line":33,"column":37}},{"start":{"line":33,"column":41},"end":{"line":33,"column":70}}],"line":33},"8":{"loc":{"start":{"line":36,"column":4},"end":{"line":36,"column":69}},"type":"if","locations":[{"start":{"line":36,"column":4},"end":{"line":36,"column":69}},{"start":{},"end":{}}],"line":36},"9":{"loc":{"start":{"line":38,"column":4},"end":{"line":38,"column":59}},"type":"if","locations":[{"start":{"line":38,"column":4},"end":{"line":38,"column":59}},{"start":{},"end":{}}],"line":38},"10":{"loc":{"start":{"line":39,"column":4},"end":{"line":41,"column":5}},"type":"if","locations":[{"start":{"line":39,"column":4},"end":{"line":41,"column":5}},{"start":{},"end":{}}],"line":39},"11":{"loc":{"start":{"line":39,"column":8},"end":{"line":39,"column":82}},"type":"binary-expr","locations":[{"start":{"line":39,"column":8},"end":{"line":39,"column":43}},{"start":{"line":39,"column":47},"end":{"line":39,"column":82}}],"line":39},"12":{"loc":{"start":{"line":43,"column":4},"end":{"line":43,"column":59}},"type":"if","locations":[{"start":{"line":43,"column":4},"end":{"line":43,"column":59}},{"start":{},"end":{}}],"line":43},"13":{"loc":{"start":{"line":44,"column":4},"end":{"line":46,"column":5}},"type":"if","locations":[{"start":{"line":44,"column":4},"end":{"line":46,"column":5}},{"start":{},"end":{}}],"line":44},"14":{"loc":{"start":{"line":44,"column":8},"end":{"line":44,"column":82}},"type":"binary-expr","locations":[{"start":{"line":44,"column":8},"end":{"line":44,"column":43}},{"start":{"line":44,"column":47},"end":{"line":44,"column":82}}],"line":44},"15":{"loc":{"start":{"line":48,"column":4},"end":{"line":48,"column":62}},"type":"if","locations":[{"start":{"line":48,"column":4},"end":{"line":48,"column":62}},{"start":{},"end":{}}],"line":48},"16":{"loc":{"start":{"line":49,"column":4},"end":{"line":51,"column":5}},"type":"if","locations":[{"start":{"line":49,"column":4},"end":{"line":51,"column":5}},{"start":{},"end":{}}],"line":49},"17":{"loc":{"start":{"line":49,"column":8},"end":{"line":49,"column":76}},"type":"binary-expr","locations":[{"start":{"line":49,"column":8},"end":{"line":49,"column":40}},{"start":{"line":49,"column":44},"end":{"line":49,"column":76}}],"line":49},"18":{"loc":{"start":{"line":53,"column":4},"end":{"line":53,"column":60}},"type":"if","locations":[{"start":{"line":53,"column":4},"end":{"line":53,"column":60}},{"start":{},"end":{}}],"line":53},"19":{"loc":{"start":{"line":54,"column":4},"end":{"line":56,"column":5}},"type":"if","locations":[{"start":{"line":54,"column":4},"end":{"line":56,"column":5}},{"start":{},"end":{}}],"line":54},"20":{"loc":{"start":{"line":54,"column":8},"end":{"line":54,"column":74}},"type":"binary-expr","locations":[{"start":{"line":54,"column":8},"end":{"line":54,"column":39}},{"start":{"line":54,"column":43},"end":{"line":54,"column":74}}],"line":54},"21":{"loc":{"start":{"line":59,"column":4},"end":{"line":61,"column":5}},"type":"if","locations":[{"start":{"line":59,"column":4},"end":{"line":61,"column":5}},{"start":{},"end":{}}],"line":59},"22":{"loc":{"start":{"line":64,"column":4},"end":{"line":66,"column":5}},"type":"if","locations":[{"start":{"line":64,"column":4},"end":{"line":66,"column":5}},{"start":{},"end":{}}],"line":64},"23":{"loc":{"start":{"line":81,"column":4},"end":{"line":85,"column":5}},"type":"if","locations":[{"start":{"line":81,"column":4},"end":{"line":85,"column":5}},{"start":{},"end":{}}],"line":81}},"s":{"0":16,"1":16,"2":16,"3":16,"4":16,"5":16,"6":16,"7":16,"8":16,"9":16,"10":16,"11":16,"12":16,"13":16,"14":16,"15":16,"16":16,"17":35,"18":35,"19":35,"20":35,"21":35,"22":35,"23":1,"24":34,"25":2,"26":32,"27":3,"28":29,"29":1,"30":28,"31":2,"32":26,"33":1,"34":25,"35":2,"36":23,"37":1,"38":22,"39":2,"40":20,"41":1,"42":19,"43":2,"44":17,"45":17,"46":1,"47":16,"48":16,"49":1,"50":15,"51":15,"52":15,"53":15,"54":14,"55":15,"56":15,"57":15,"58":14,"59":15,"60":15},"f":{"0":35,"1":14},"b":{"0":[35,1],"1":[35,1],"2":[35,1],"3":[35,1],"4":[35,1],"5":[1,34],"6":[2,32],"7":[34,33],"8":[3,29],"9":[1,28],"10":[2,26],"11":[28,27],"12":[1,25],"13":[2,23],"14":[25,24],"15":[1,22],"16":[2,20],"17":[22,21],"18":[1,19],"19":[2,17],"20":[19,18],"21":[1,16],"22":[1,15],"23":[14,1]},"_coverageSchema":"1a1c01bbd47fc00a2c39e90264f33305004495a9","hash":"bd957879c6f0176077ddff3e67fdc4127ad20925"}
,"C:\\Users\\Andreea\\Desktop\\An 3 FMI\\Semestrul2\\TSS\\javascriptUnitTesting\\graphql\\mutations\\removeUserFromProjectMutation.js": {"path":"C:\\Users\\Andreea\\Desktop\\An 3 FMI\\Semestrul2\\TSS\\javascriptUnitTesting\\graphql\\mutations\\removeUserFromProjectMutation.js","statementMap":{"0":{"start":{"line":1,"column":43},"end":{"line":1,"column":61}},"1":{"start":{"line":2,"column":39},"end":{"line":2,"column":94}},"2":{"start":{"line":3,"column":11},"end":{"line":3,"column":34}},"3":{"start":{"line":4,"column":27},"end":{"line":4,"column":59}},"4":{"start":{"line":6,"column":0},"end":{"line":25,"column":2}},"5":{"start":{"line":12,"column":34},"end":{"line":12,"column":39}},"6":{"start":{"line":13,"column":4},"end":{"line":13,"column":50}},"7":{"start":{"line":15,"column":25},"end":{"line":17,"column":6}},"8":{"start":{"line":19,"column":4},"end":{"line":21,"column":5}},"9":{"start":{"line":20,"column":6},"end":{"line":20,"column":89}},"10":{"start":{"line":23,"column":4},"end":{"line":23,"column":16}}},"fnMap":{"0":{"name":"(anonymous_0)","decl":{"start":{"line":11,"column":11},"end":{"line":11,"column":12}},"loc":{"start":{"line":11,"column":50},"end":{"line":24,"column":3}},"line":11}},"branchMap":{"0":{"loc":{"start":{"line":19,"column":4},"end":{"line":21,"column":5}},"type":"if","locations":[{"start":{"line":19,"column":4},"end":{"line":21,"column":5}},{"start":{},"end":{}}],"line":19}},"s":{"0":16,"1":16,"2":16,"3":16,"4":16,"5":5,"6":5,"7":4,"8":4,"9":2,"10":2},"f":{"0":5},"b":{"0":[2,2]},"_coverageSchema":"1a1c01bbd47fc00a2c39e90264f33305004495a9","hash":"c06e060d9aede87d9ed5aec15d9520d84e47cdf5"}
,"C:\\Users\\Andreea\\Desktop\\An 3 FMI\\Semestrul2\\TSS\\javascriptUnitTesting\\graphql\\mutations\\updateProjectMutation.js": {"path":"C:\\Users\\Andreea\\Desktop\\An 3 FMI\\Semestrul2\\TSS\\javascriptUnitTesting\\graphql\\mutations\\updateProjectMutation.js","statementMap":{"0":{"start":{"line":1,"column":27},"end":{"line":1,"column":45}},"1":{"start":{"line":2,"column":20},"end":{"line":2,"column":51}},"2":{"start":{"line":3,"column":31},"end":{"line":3,"column":78}},"3":{"start":{"line":4,"column":11},"end":{"line":4,"column":34}},"4":{"start":{"line":5,"column":27},"end":{"line":5,"column":59}},"5":{"start":{"line":7,"column":29},"end":{"line":7,"column":30}},"6":{"start":{"line":8,"column":29},"end":{"line":8,"column":31}},"7":{"start":{"line":9,"column":29},"end":{"line":9,"column":32}},"8":{"start":{"line":11,"column":0},"end":{"line":51,"column":2}},"9":{"start":{"line":17,"column":17},"end":{"line":17,"column":22}},"10":{"start":{"line":18,"column":4},"end":{"line":18,"column":50}},"11":{"start":{"line":20,"column":20},"end":{"line":20,"column":61}},"12":{"start":{"line":21,"column":4},"end":{"line":21,"column":55}},"13":{"start":{"line":21,"column":18},"end":{"line":21,"column":55}},"14":{"start":{"line":23,"column":4},"end":{"line":30,"column":5}},"15":{"start":{"line":24,"column":26},"end":{"line":24,"column":42}},"16":{"start":{"line":25,"column":6},"end":{"line":25,"column":68}},"17":{"start":{"line":25,"column":24},"end":{"line":25,"column":68}},"18":{"start":{"line":26,"column":6},"end":{"line":28,"column":7}},"19":{"start":{"line":27,"column":8},"end":{"line":27,"column":76}},"20":{"start":{"line":29,"column":6},"end":{"line":29,"column":30}},"21":{"start":{"line":32,"column":4},"end":{"line":38,"column":5}},"22":{"start":{"line":33,"column":33},"end":{"line":33,"column":56}},"23":{"start":{"line":34,"column":6},"end":{"line":36,"column":7}},"24":{"start":{"line":35,"column":8},"end":{"line":35,"column":70}},"25":{"start":{"line":37,"column":6},"end":{"line":37,"column":44}},"26":{"start":{"line":40,"column":4},"end":{"line":43,"column":5}},"27":{"start":{"line":41,"column":21},"end":{"line":41,"column":68}},"28":{"start":{"line":42,"column":8},"end":{"line":42,"column":62}},"29":{"start":{"line":42,"column":19},"end":{"line":42,"column":62}},"30":{"start":{"line":45,"column":4},"end":{"line":45,"column":31}},"31":{"start":{"line":47,"column":4},"end":{"line":49,"column":7}}},"fnMap":{"0":{"name":"(anonymous_0)","decl":{"start":{"line":16,"column":11},"end":{"line":16,"column":12}},"loc":{"start":{"line":16,"column":50},"end":{"line":50,"column":3}},"line":16}},"branchMap":{"0":{"loc":{"start":{"line":21,"column":4},"end":{"line":21,"column":55}},"type":"if","locations":[{"start":{"line":21,"column":4},"end":{"line":21,"column":55}},{"start":{},"end":{}}],"line":21},"1":{"loc":{"start":{"line":23,"column":4},"end":{"line":30,"column":5}},"type":"if","locations":[{"start":{"line":23,"column":4},"end":{"line":30,"column":5}},{"start":{},"end":{}}],"line":23},"2":{"loc":{"start":{"line":25,"column":6},"end":{"line":25,"column":68}},"type":"if","locations":[{"start":{"line":25,"column":6},"end":{"line":25,"column":68}},{"start":{},"end":{}}],"line":25},"3":{"loc":{"start":{"line":26,"column":6},"end":{"line":28,"column":7}},"type":"if","locations":[{"start":{"line":26,"column":6},"end":{"line":28,"column":7}},{"start":{},"end":{}}],"line":26},"4":{"loc":{"start":{"line":26,"column":10},"end":{"line":26,"column":96}},"type":"binary-expr","locations":[{"start":{"line":26,"column":10},"end":{"line":26,"column":51}},{"start":{"line":26,"column":55},"end":{"line":26,"column":96}}],"line":26},"5":{"loc":{"start":{"line":32,"column":4},"end":{"line":38,"column":5}},"type":"if","locations":[{"start":{"line":32,"column":4},"end":{"line":38,"column":5}},{"start":{},"end":{}}],"line":32},"6":{"loc":{"start":{"line":34,"column":6},"end":{"line":36,"column":7}},"type":"if","locations":[{"start":{"line":34,"column":6},"end":{"line":36,"column":7}},{"start":{},"end":{}}],"line":34},"7":{"loc":{"start":{"line":34,"column":10},"end":{"line":34,"column":80}},"type":"binary-expr","locations":[{"start":{"line":34,"column":10},"end":{"line":34,"column":28}},{"start":{"line":34,"column":32},"end":{"line":34,"column":80}}],"line":34},"8":{"loc":{"start":{"line":40,"column":4},"end":{"line":43,"column":5}},"type":"if","locations":[{"start":{"line":40,"column":4},"end":{"line":43,"column":5}},{"start":{},"end":{}}],"line":40},"9":{"loc":{"start":{"line":42,"column":8},"end":{"line":42,"column":62}},"type":"if","locations":[{"start":{"line":42,"column":8},"end":{"line":42,"column":62}},{"start":{},"end":{}}],"line":42}},"s":{"0":16,"1":16,"2":16,"3":16,"4":16,"5":16,"6":16,"7":16,"8":16,"9":16,"10":16,"11":15,"12":15,"13":1,"14":14,"15":12,"16":12,"17":1,"18":11,"19":2,"20":9,"21":11,"22":9,"23":9,"24":1,"25":8,"26":10,"27":3,"28":3,"29":1,"30":9,"31":9},"f":{"0":16},"b":{"0":[1,14],"1":[12,2],"2":[1,11],"3":[2,9],"4":[11,10],"5":[9,2],"6":[1,8],"7":[9,9],"8":[3,7],"9":[1,2]},"_coverageSchema":"1a1c01bbd47fc00a2c39e90264f33305004495a9","hash":"d102965042856344561d919576e3ae05b6f673da"}
,"C:\\Users\\Andreea\\Desktop\\An 3 FMI\\Semestrul2\\TSS\\javascriptUnitTesting\\graphql\\mutations\\updateSprintMutation.js": {"path":"C:\\Users\\Andreea\\Desktop\\An 3 FMI\\Semestrul2\\TSS\\javascriptUnitTesting\\graphql\\mutations\\updateSprintMutation.js","statementMap":{"0":{"start":{"line":1,"column":27},"end":{"line":1,"column":45}},"1":{"start":{"line":2,"column":19},"end":{"line":2,"column":49}},"2":{"start":{"line":3,"column":26},"end":{"line":3,"column":72}},"3":{"start":{"line":4,"column":27},"end":{"line":4,"column":59}},"4":{"start":{"line":5,"column":11},"end":{"line":5,"column":34}},"5":{"start":{"line":7,"column":22},"end":{"line":7,"column":36}},"6":{"start":{"line":9,"column":0},"end":{"line":96,"column":2}},"7":{"start":{"line":15,"column":17},"end":{"line":15,"column":29}},"8":{"start":{"line":18,"column":4},"end":{"line":18,"column":50}},"9":{"start":{"line":20,"column":19},"end":{"line":20,"column":58}},"10":{"start":{"line":21,"column":4},"end":{"line":21,"column":53}},"11":{"start":{"line":21,"column":17},"end":{"line":21,"column":53}},"12":{"start":{"line":24,"column":4},"end":{"line":34,"column":5}},"13":{"start":{"line":25,"column":6},"end":{"line":25,"column":49}},"14":{"start":{"line":26,"column":6},"end":{"line":28,"column":7}},"15":{"start":{"line":27,"column":8},"end":{"line":27,"column":60}},"16":{"start":{"line":29,"column":6},"end":{"line":31,"column":7}},"17":{"start":{"line":30,"column":8},"end":{"line":30,"column":76}},"18":{"start":{"line":32,"column":6},"end":{"line":32,"column":33}},"19":{"start":{"line":33,"column":6},"end":{"line":33,"column":31}},"20":{"start":{"line":36,"column":4},"end":{"line":40,"column":5}},"21":{"start":{"line":37,"column":33},"end":{"line":37,"column":56}},"22":{"start":{"line":38,"column":6},"end":{"line":38,"column":114}},"23":{"start":{"line":38,"column":44},"end":{"line":38,"column":114}},"24":{"start":{"line":39,"column":6},"end":{"line":39,"column":44}},"25":{"start":{"line":42,"column":4},"end":{"line":45,"column":5}},"26":{"start":{"line":43,"column":22},"end":{"line":43,"column":63}},"27":{"start":{"line":44,"column":6},"end":{"line":44,"column":57}},"28":{"start":{"line":44,"column":20},"end":{"line":44,"column":57}},"29":{"start":{"line":47,"column":28},"end":{"line":49,"column":24}},"30":{"start":{"line":51,"column":4},"end":{"line":81,"column":5}},"31":{"start":{"line":52,"column":6},"end":{"line":54,"column":7}},"32":{"start":{"line":53,"column":8},"end":{"line":53,"column":50}},"33":{"start":{"line":55,"column":6},"end":{"line":57,"column":7}},"34":{"start":{"line":56,"column":8},"end":{"line":56,"column":48}},"35":{"start":{"line":59,"column":20},"end":{"line":59,"column":64}},"36":{"start":{"line":60,"column":20},"end":{"line":60,"column":60}},"37":{"start":{"line":61,"column":6},"end":{"line":63,"column":7}},"38":{"start":{"line":62,"column":8},"end":{"line":62,"column":47}},"39":{"start":{"line":65,"column":6},"end":{"line":67,"column":7}},"40":{"start":{"line":66,"column":8},"end":{"line":66,"column":62}},"41":{"start":{"line":69,"column":26},"end":{"line":78,"column":8}},"42":{"start":{"line":80,"column":6},"end":{"line":80,"column":103}},"43":{"start":{"line":80,"column":23},"end":{"line":80,"column":103}},"44":{"start":{"line":83,"column":4},"end":{"line":88,"column":5}},"45":{"start":{"line":84,"column":29},"end":{"line":84,"column":117}},"46":{"start":{"line":85,"column":6},"end":{"line":87,"column":7}},"47":{"start":{"line":86,"column":8},"end":{"line":86,"column":67}},"48":{"start":{"line":90,"column":4},"end":{"line":90,"column":30}},"49":{"start":{"line":92,"column":4},"end":{"line":94,"column":7}}},"fnMap":{"0":{"name":"(anonymous_0)","decl":{"start":{"line":14,"column":11},"end":{"line":14,"column":12}},"loc":{"start":{"line":14,"column":50},"end":{"line":95,"column":3}},"line":14}},"branchMap":{"0":{"loc":{"start":{"line":21,"column":4},"end":{"line":21,"column":53}},"type":"if","locations":[{"start":{"line":21,"column":4},"end":{"line":21,"column":53}},{"start":{},"end":{}}],"line":21},"1":{"loc":{"start":{"line":24,"column":4},"end":{"line":34,"column":5}},"type":"if","locations":[{"start":{"line":24,"column":4},"end":{"line":34,"column":5}},{"start":{},"end":{}}],"line":24},"2":{"loc":{"start":{"line":26,"column":6},"end":{"line":28,"column":7}},"type":"if","locations":[{"start":{"line":26,"column":6},"end":{"line":28,"column":7}},{"start":{},"end":{}}],"line":26},"3":{"loc":{"start":{"line":29,"column":6},"end":{"line":31,"column":7}},"type":"if","locations":[{"start":{"line":29,"column":6},"end":{"line":31,"column":7}},{"start":{},"end":{}}],"line":29},"4":{"loc":{"start":{"line":36,"column":4},"end":{"line":40,"column":5}},"type":"if","locations":[{"start":{"line":36,"column":4},"end":{"line":40,"column":5}},{"start":{},"end":{}}],"line":36},"5":{"loc":{"start":{"line":38,"column":6},"end":{"line":38,"column":114}},"type":"if","locations":[{"start":{"line":38,"column":6},"end":{"line":38,"column":114}},{"start":{},"end":{}}],"line":38},"6":{"loc":{"start":{"line":42,"column":4},"end":{"line":45,"column":5}},"type":"if","locations":[{"start":{"line":42,"column":4},"end":{"line":45,"column":5}},{"start":{},"end":{}}],"line":42},"7":{"loc":{"start":{"line":42,"column":8},"end":{"line":42,"column":122}},"type":"binary-expr","locations":[{"start":{"line":42,"column":8},"end":{"line":42,"column":63}},{"start":{"line":42,"column":67},"end":{"line":42,"column":90}},{"start":{"line":42,"column":94},"end":{"line":42,"column":122}}],"line":42},"8":{"loc":{"start":{"line":44,"column":6},"end":{"line":44,"column":57}},"type":"if","locations":[{"start":{"line":44,"column":6},"end":{"line":44,"column":57}},{"start":{},"end":{}}],"line":44},"9":{"loc":{"start":{"line":47,"column":28},"end":{"line":49,"column":24}},"type":"cond-expr","locations":[{"start":{"line":48,"column":9},"end":{"line":48,"column":68}},{"start":{"line":49,"column":8},"end":{"line":49,"column":24}}],"line":47},"10":{"loc":{"start":{"line":48,"column":9},"end":{"line":48,"column":68}},"type":"cond-expr","locations":[{"start":{"line":48,"column":35},"end":{"line":48,"column":51}},{"start":{"line":48,"column":54},"end":{"line":48,"column":68}}],"line":48},"11":{"loc":{"start":{"line":51,"column":4},"end":{"line":81,"column":5}},"type":"if","locations":[{"start":{"line":51,"column":4},"end":{"line":81,"column":5}},{"start":{},"end":{}}],"line":51},"12":{"loc":{"start":{"line":51,"column":8},"end":{"line":51,"column":120}},"type":"binary-expr","locations":[{"start":{"line":51,"column":8},"end":{"line":51,"column":63}},{"start":{"line":51,"column":67},"end":{"line":51,"column":120}}],"line":51},"13":{"loc":{"start":{"line":52,"column":6},"end":{"line":54,"column":7}},"type":"if","locations":[{"start":{"line":52,"column":6},"end":{"line":54,"column":7}},{"start":{},"end":{}}],"line":52},"14":{"loc":{"start":{"line":52,"column":10},"end":{"line":52,"column":90}},"type":"binary-expr","locations":[{"start":{"line":52,"column":10},"end":{"line":52,"column":65}},{"start":{"line":52,"column":69},"end":{"line":52,"column":90}}],"line":52},"15":{"loc":{"start":{"line":55,"column":6},"end":{"line":57,"column":7}},"type":"if","locations":[{"start":{"line":55,"column":6},"end":{"line":57,"column":7}},{"start":{},"end":{}}],"line":55},"16":{"loc":{"start":{"line":55,"column":10},"end":{"line":55,"column":86}},"type":"binary-expr","locations":[{"start":{"line":55,"column":10},"end":{"line":55,"column":63}},{"start":{"line":55,"column":67},"end":{"line":55,"column":86}}],"line":55},"17":{"loc":{"start":{"line":59,"column":29},"end":{"line":59,"column":63}},"type":"binary-expr","locations":[{"start":{"line":59,"column":29},"end":{"line":59,"column":43}},{"start":{"line":59,"column":47},"end":{"line":59,"column":63}}],"line":59},"18":{"loc":{"start":{"line":60,"column":29},"end":{"line":60,"column":59}},"type":"binary-expr","locations":[{"start":{"line":60,"column":29},"end":{"line":60,"column":41}},{"start":{"line":60,"column":45},"end":{"line":60,"column":59}}],"line":60},"19":{"loc":{"start":{"line":61,"column":6},"end":{"line":63,"column":7}},"type":"if","locations":[{"start":{"line":61,"column":6},"end":{"line":63,"column":7}},{"start":{},"end":{}}],"line":61},"20":{"loc":{"start":{"line":61,"column":10},"end":{"line":61,"column":58}},"type":"binary-expr","locations":[{"start":{"line":61,"column":10},"end":{"line":61,"column":32}},{"start":{"line":61,"column":36},"end":{"line":61,"column":58}}],"line":61},"21":{"loc":{"start":{"line":65,"column":6},"end":{"line":67,"column":7}},"type":"if","locations":[{"start":{"line":65,"column":6},"end":{"line":67,"column":7}},{"start":{},"end":{}}],"line":65},"22":{"loc":{"start":{"line":80,"column":6},"end":{"line":80,"column":103}},"type":"if","locations":[{"start":{"line":80,"column":6},"end":{"line":80,"column":103}},{"start":{},"end":{}}],"line":80},"23":{"loc":{"start":{"line":83,"column":4},"end":{"line":88,"column":5}},"type":"if","locations":[{"start":{"line":83,"column":4},"end":{"line":88,"column":5}},{"start":{},"end":{}}],"line":83},"24":{"loc":{"start":{"line":83,"column":8},"end":{"line":83,"column":53}},"type":"binary-expr","locations":[{"start":{"line":83,"column":8},"end":{"line":83,"column":34}},{"start":{"line":83,"column":38},"end":{"line":83,"column":53}}],"line":83},"25":{"loc":{"start":{"line":85,"column":6},"end":{"line":87,"column":7}},"type":"if","locations":[{"start":{"line":85,"column":6},"end":{"line":87,"column":7}},{"start":{},"end":{}}],"line":85},"26":{"loc":{"start":{"line":85,"column":10},"end":{"line":85,"column":71}},"type":"binary-expr","locations":[{"start":{"line":85,"column":10},"end":{"line":85,"column":24}},{"start":{"line":85,"column":28},"end":{"line":85,"column":71}}],"line":85}},"s":{"0":16,"1":16,"2":16,"3":16,"4":16,"5":16,"6":16,"7":29,"8":29,"9":28,"10":28,"11":1,"12":27,"13":9,"14":9,"15":1,"16":8,"17":1,"18":7,"19":7,"20":25,"21":7,"22":7,"23":1,"24":6,"25":24,"26":4,"27":4,"28":1,"29":23,"30":23,"31":11,"32":1,"33":10,"34":1,"35":9,"36":9,"37":9,"38":1,"39":8,"40":1,"41":7,"42":7,"43":2,"44":17,"45":7,"46":7,"47":2,"48":15,"49":15},"f":{"0":29},"b":{"0":[1,27],"1":[9,18],"2":[1,8],"3":[1,7],"4":[7,18],"5":[1,6],"6":[4,20],"7":[24,7,5],"8":[1,3],"9":[6,17],"10":[2,4],"11":[11,12],"12":[23,14],"13":[1,10],"14":[11,9],"15":[1,9],"16":[10,9],"17":[9,1],"18":[9,1],"19":[1,8],"20":[9,8],"21":[1,7],"22":[2,5],"23":[7,10],"24":[17,7],"25":[2,5],"26":[7,3]},"_coverageSchema":"1a1c01bbd47fc00a2c39e90264f33305004495a9","hash":"aaa0de295fb646f197091469e06c7cf40415f744"}
,"C:\\Users\\Andreea\\Desktop\\An 3 FMI\\Semestrul2\\TSS\\javascriptUnitTesting\\graphql\\mutations\\updateTaskMutation.js": {"path":"C:\\Users\\Andreea\\Desktop\\An 3 FMI\\Semestrul2\\TSS\\javascriptUnitTesting\\graphql\\mutations\\updateTaskMutation.js","statementMap":{"0":{"start":{"line":1,"column":27},"end":{"line":1,"column":45}},"1":{"start":{"line":2,"column":17},"end":{"line":2,"column":45}},"2":{"start":{"line":3,"column":24},"end":{"line":3,"column":68}},"3":{"start":{"line":4,"column":11},"end":{"line":4,"column":34}},"4":{"start":{"line":6,"column":22},"end":{"line":6,"column":36}},"5":{"start":{"line":8,"column":0},"end":{"line":87,"column":2}},"6":{"start":{"line":14,"column":17},"end":{"line":14,"column":29}},"7":{"start":{"line":16,"column":17},"end":{"line":16,"column":52}},"8":{"start":{"line":17,"column":4},"end":{"line":17,"column":49}},"9":{"start":{"line":17,"column":15},"end":{"line":17,"column":49}},"10":{"start":{"line":19,"column":23},"end":{"line":19,"column":25}},"11":{"start":{"line":21,"column":4},"end":{"line":29,"column":5}},"12":{"start":{"line":22,"column":6},"end":{"line":28,"column":7}},"13":{"start":{"line":23,"column":8},"end":{"line":23,"column":58}},"14":{"start":{"line":25,"column":25},"end":{"line":25,"column":94}},"15":{"start":{"line":26,"column":8},"end":{"line":26,"column":61}},"16":{"start":{"line":26,"column":23},"end":{"line":26,"column":61}},"17":{"start":{"line":27,"column":8},"end":{"line":27,"column":52}},"18":{"start":{"line":31,"column":27},"end":{"line":31,"column":31}},"19":{"start":{"line":32,"column":4},"end":{"line":40,"column":5}},"20":{"start":{"line":33,"column":6},"end":{"line":39,"column":7}},"21":{"start":{"line":34,"column":8},"end":{"line":34,"column":57}},"22":{"start":{"line":36,"column":8},"end":{"line":36,"column":92}},"23":{"start":{"line":37,"column":8},"end":{"line":37,"column":68}},"24":{"start":{"line":37,"column":31},"end":{"line":37,"column":68}},"25":{"start":{"line":38,"column":8},"end":{"line":38,"column":58}},"26":{"start":{"line":42,"column":4},"end":{"line":54,"column":5}},"27":{"start":{"line":43,"column":6},"end":{"line":53,"column":7}},"28":{"start":{"line":44,"column":8},"end":{"line":44,"column":35}},"29":{"start":{"line":45,"column":13},"end":{"line":53,"column":7}},"30":{"start":{"line":46,"column":28},"end":{"line":46,"column":57}},"31":{"start":{"line":47,"column":8},"end":{"line":47,"column":95}},"32":{"start":{"line":48,"column":23},"end":{"line":48,"column":70}},"33":{"start":{"line":49,"column":8},"end":{"line":49,"column":57}},"34":{"start":{"line":49,"column":21},"end":{"line":49,"column":57}},"35":{"start":{"line":50,"column":8},"end":{"line":50,"column":46}},"36":{"start":{"line":52,"column":8},"end":{"line":52,"column":48}},"37":{"start":{"line":56,"column":4},"end":{"line":61,"column":5}},"38":{"start":{"line":57,"column":26},"end":{"line":57,"column":42}},"39":{"start":{"line":58,"column":6},"end":{"line":58,"column":71}},"40":{"start":{"line":58,"column":30},"end":{"line":58,"column":71}},"41":{"start":{"line":59,"column":6},"end":{"line":59,"column":96}},"42":{"start":{"line":59,"column":36},"end":{"line":59,"column":96}},"43":{"start":{"line":60,"column":6},"end":{"line":60,"column":36}},"44":{"start":{"line":63,"column":4},"end":{"line":68,"column":5}},"45":{"start":{"line":64,"column":33},"end":{"line":64,"column":56}},"46":{"start":{"line":65,"column":6},"end":{"line":65,"column":85}},"47":{"start":{"line":65,"column":37},"end":{"line":65,"column":85}},"48":{"start":{"line":66,"column":6},"end":{"line":66,"column":112}},"49":{"start":{"line":66,"column":44},"end":{"line":66,"column":112}},"50":{"start":{"line":67,"column":6},"end":{"line":67,"column":50}},"51":{"start":{"line":70,"column":4},"end":{"line":74,"column":5}},"52":{"start":{"line":71,"column":30},"end":{"line":71,"column":71}},"53":{"start":{"line":72,"column":6},"end":{"line":72,"column":84}},"54":{"start":{"line":72,"column":50},"end":{"line":72,"column":84}},"55":{"start":{"line":73,"column":6},"end":{"line":73,"column":38}},"56":{"start":{"line":76,"column":4},"end":{"line":76,"column":34}},"57":{"start":{"line":78,"column":4},"end":{"line":85,"column":7}}},"fnMap":{"0":{"name":"(anonymous_0)","decl":{"start":{"line":13,"column":11},"end":{"line":13,"column":12}},"loc":{"start":{"line":13,"column":50},"end":{"line":86,"column":3}},"line":13}},"branchMap":{"0":{"loc":{"start":{"line":17,"column":4},"end":{"line":17,"column":49}},"type":"if","locations":[{"start":{"line":17,"column":4},"end":{"line":17,"column":49}},{"start":{},"end":{}}],"line":17},"1":{"loc":{"start":{"line":21,"column":4},"end":{"line":29,"column":5}},"type":"if","locations":[{"start":{"line":21,"column":4},"end":{"line":29,"column":5}},{"start":{},"end":{}}],"line":21},"2":{"loc":{"start":{"line":22,"column":6},"end":{"line":28,"column":7}},"type":"if","locations":[{"start":{"line":22,"column":6},"end":{"line":28,"column":7}},{"start":{"line":24,"column":13},"end":{"line":28,"column":7}}],"line":22},"3":{"loc":{"start":{"line":26,"column":8},"end":{"line":26,"column":61}},"type":"if","locations":[{"start":{"line":26,"column":8},"end":{"line":26,"column":61}},{"start":{},"end":{}}],"line":26},"4":{"loc":{"start":{"line":32,"column":4},"end":{"line":40,"column":5}},"type":"if","locations":[{"start":{"line":32,"column":4},"end":{"line":40,"column":5}},{"start":{},"end":{}}],"line":32},"5":{"loc":{"start":{"line":33,"column":6},"end":{"line":39,"column":7}},"type":"if","locations":[{"start":{"line":33,"column":6},"end":{"line":39,"column":7}},{"start":{"line":35,"column":13},"end":{"line":39,"column":7}}],"line":33},"6":{"loc":{"start":{"line":37,"column":8},"end":{"line":37,"column":68}},"type":"if","locations":[{"start":{"line":37,"column":8},"end":{"line":37,"column":68}},{"start":{},"end":{}}],"line":37},"7":{"loc":{"start":{"line":42,"column":4},"end":{"line":54,"column":5}},"type":"if","locations":[{"start":{"line":42,"column":4},"end":{"line":54,"column":5}},{"start":{},"end":{}}],"line":42},"8":{"loc":{"start":{"line":43,"column":6},"end":{"line":53,"column":7}},"type":"if","locations":[{"start":{"line":43,"column":6},"end":{"line":53,"column":7}},{"start":{"line":45,"column":13},"end":{"line":53,"column":7}}],"line":43},"9":{"loc":{"start":{"line":45,"column":13},"end":{"line":53,"column":7}},"type":"if","locations":[{"start":{"line":45,"column":13},"end":{"line":53,"column":7}},{"start":{"line":51,"column":13},"end":{"line":53,"column":7}}],"line":45},"10":{"loc":{"start":{"line":47,"column":32},"end":{"line":47,"column":94}},"type":"cond-expr","locations":[{"start":{"line":47,"column":51},"end":{"line":47,"column":77}},{"start":{"line":47,"column":80},"end":{"line":47,"column":94}}],"line":47},"11":{"loc":{"start":{"line":49,"column":8},"end":{"line":49,"column":57}},"type":"if","locations":[{"start":{"line":49,"column":8},"end":{"line":49,"column":57}},{"start":{},"end":{}}],"line":49},"12":{"loc":{"start":{"line":56,"column":4},"end":{"line":61,"column":5}},"type":"if","locations":[{"start":{"line":56,"column":4},"end":{"line":61,"column":5}},{"start":{},"end":{}}],"line":56},"13":{"loc":{"start":{"line":58,"column":6},"end":{"line":58,"column":71}},"type":"if","locations":[{"start":{"line":58,"column":6},"end":{"line":58,"column":71}},{"start":{},"end":{}}],"line":58},"14":{"loc":{"start":{"line":59,"column":6},"end":{"line":59,"column":96}},"type":"if","locations":[{"start":{"line":59,"column":6},"end":{"line":59,"column":96}},{"start":{},"end":{}}],"line":59},"15":{"loc":{"start":{"line":63,"column":4},"end":{"line":68,"column":5}},"type":"if","locations":[{"start":{"line":63,"column":4},"end":{"line":68,"column":5}},{"start":{},"end":{}}],"line":63},"16":{"loc":{"start":{"line":65,"column":6},"end":{"line":65,"column":85}},"type":"if","locations":[{"start":{"line":65,"column":6},"end":{"line":65,"column":85}},{"start":{},"end":{}}],"line":65},"17":{"loc":{"start":{"line":66,"column":6},"end":{"line":66,"column":112}},"type":"if","locations":[{"start":{"line":66,"column":6},"end":{"line":66,"column":112}},{"start":{},"end":{}}],"line":66},"18":{"loc":{"start":{"line":70,"column":4},"end":{"line":74,"column":5}},"type":"if","locations":[{"start":{"line":70,"column":4},"end":{"line":74,"column":5}},{"start":{},"end":{}}],"line":70},"19":{"loc":{"start":{"line":72,"column":6},"end":{"line":72,"column":84}},"type":"if","locations":[{"start":{"line":72,"column":6},"end":{"line":72,"column":84}},{"start":{},"end":{}}],"line":72}},"s":{"0":16,"1":16,"2":16,"3":16,"4":16,"5":16,"6":31,"7":31,"8":31,"9":1,"10":30,"11":30,"12":3,"13":1,"14":2,"15":2,"16":1,"17":1,"18":28,"19":28,"20":5,"21":1,"22":4,"23":4,"24":1,"25":3,"26":26,"27":8,"28":1,"29":7,"30":6,"31":6,"32":6,"33":6,"34":1,"35":5,"36":1,"37":24,"38":7,"39":7,"40":2,"41":5,"42":2,"43":3,"44":20,"45":6,"46":6,"47":2,"48":4,"49":2,"50":2,"51":16,"52":7,"53":7,"54":2,"55":5,"56":14,"57":14},"f":{"0":31},"b":{"0":[1,30],"1":[3,27],"2":[1,2],"3":[1,1],"4":[5,23],"5":[1,4],"6":[1,3],"7":[8,18],"8":[1,7],"9":[6,1],"10":[3,3],"11":[1,5],"12":[7,17],"13":[2,5],"14":[2,3],"15":[6,14],"16":[2,4],"17":[2,2],"18":[7,9],"19":[2,5]},"_coverageSchema":"1a1c01bbd47fc00a2c39e90264f33305004495a9","hash":"cc5daca42c11373c4884cf3eb3730268118092d0"}
}
