{"D:\\University\\An3Sem2\\TSS\\javascriptUnitTesting\\graphql\\mutations\\addRoleToUserMutation.js": {"path":"D:\\University\\An3Sem2\\TSS\\javascriptUnitTesting\\graphql\\mutations\\addRoleToUserMutation.js","statementMap":{"0":{"start":{"line":1,"column":42},"end":{"line":1,"column":60}},"1":{"start":{"line":2,"column":17},"end":{"line":2,"column":45}},"2":{"start":{"line":3,"column":11},"end":{"line":3,"column":34}},"3":{"start":{"line":4,"column":27},"end":{"line":4,"column":59}},"4":{"start":{"line":6,"column":0},"end":{"line":31,"column":2}},"5":{"start":{"line":14,"column":4},"end":{"line":14,"column":39}},"6":{"start":{"line":16,"column":17},"end":{"line":16,"column":63}},"7":{"start":{"line":17,"column":4},"end":{"line":17,"column":49}},"8":{"start":{"line":17,"column":15},"end":{"line":17,"column":49}},"9":{"start":{"line":19,"column":17},"end":{"line":19,"column":69}},"10":{"start":{"line":20,"column":4},"end":{"line":20,"column":49}},"11":{"start":{"line":20,"column":15},"end":{"line":20,"column":49}},"12":{"start":{"line":23,"column":21},"end":{"line":23,"column":103}},"13":{"start":{"line":24,"column":4},"end":{"line":24,"column":64}},"14":{"start":{"line":24,"column":18},"end":{"line":24,"column":64}},"15":{"start":{"line":26,"column":4},"end":{"line":26,"column":75}},"16":{"start":{"line":28,"column":26},"end":{"line":28,"column":109}},"17":{"start":{"line":29,"column":4},"end":{"line":29,"column":25}}},"fnMap":{"0":{"name":"(anonymous_0)","decl":{"start":{"line":12,"column":11},"end":{"line":12,"column":12}},"loc":{"start":{"line":12,"column":63},"end":{"line":30,"column":3}},"line":12}},"branchMap":{"0":{"loc":{"start":{"line":17,"column":4},"end":{"line":17,"column":49}},"type":"if","locations":[{"start":{"line":17,"column":4},"end":{"line":17,"column":49}},{"start":{},"end":{}}],"line":17},"1":{"loc":{"start":{"line":20,"column":4},"end":{"line":20,"column":49}},"type":"if","locations":[{"start":{"line":20,"column":4},"end":{"line":20,"column":49}},{"start":{},"end":{}}],"line":20},"2":{"loc":{"start":{"line":24,"column":4},"end":{"line":24,"column":64}},"type":"if","locations":[{"start":{"line":24,"column":4},"end":{"line":24,"column":64}},{"start":{},"end":{}}],"line":24}},"s":{"0":8,"1":8,"2":8,"3":8,"4":8,"5":5,"6":4,"7":4,"8":1,"9":3,"10":3,"11":1,"12":2,"13":2,"14":1,"15":1,"16":1,"17":1},"f":{"0":5},"b":{"0":[1,3],"1":[1,2],"2":[1,1]},"_coverageSchema":"1a1c01bbd47fc00a2c39e90264f33305004495a9","hash":"4b1ee5fc4f698173eff388f387850f9541811a8c"}
,"D:\\University\\An3Sem2\\TSS\\javascriptUnitTesting\\graphql\\mutations\\addUserToProjectMutation.js": {"path":"D:\\University\\An3Sem2\\TSS\\javascriptUnitTesting\\graphql\\mutations\\addUserToProjectMutation.js","statementMap":{"0":{"start":{"line":1,"column":43},"end":{"line":1,"column":61}},"1":{"start":{"line":2,"column":34},"end":{"line":2,"column":84}},"2":{"start":{"line":3,"column":11},"end":{"line":3,"column":34}},"3":{"start":{"line":4,"column":27},"end":{"line":4,"column":59}},"4":{"start":{"line":6,"column":0},"end":{"line":34,"column":2}},"5":{"start":{"line":12,"column":18},"end":{"line":12,"column":36}},"6":{"start":{"line":13,"column":34},"end":{"line":13,"column":39}},"7":{"start":{"line":14,"column":4},"end":{"line":14,"column":50}},"8":{"start":{"line":16,"column":20},"end":{"line":16,"column":56}},"9":{"start":{"line":17,"column":4},"end":{"line":17,"column":55}},"10":{"start":{"line":17,"column":18},"end":{"line":17,"column":55}},"11":{"start":{"line":19,"column":17},"end":{"line":19,"column":47}},"12":{"start":{"line":20,"column":4},"end":{"line":20,"column":49}},"13":{"start":{"line":20,"column":15},"end":{"line":20,"column":49}},"14":{"start":{"line":22,"column":26},"end":{"line":24,"column":6}},"15":{"start":{"line":26,"column":4},"end":{"line":28,"column":5}},"16":{"start":{"line":27,"column":6},"end":{"line":27,"column":66}},"17":{"start":{"line":30,"column":4},"end":{"line":30,"column":55}},"18":{"start":{"line":32,"column":4},"end":{"line":32,"column":16}}},"fnMap":{"0":{"name":"(anonymous_0)","decl":{"start":{"line":11,"column":11},"end":{"line":11,"column":12}},"loc":{"start":{"line":11,"column":45},"end":{"line":33,"column":3}},"line":11}},"branchMap":{"0":{"loc":{"start":{"line":12,"column":18},"end":{"line":12,"column":36}},"type":"binary-expr","locations":[{"start":{"line":12,"column":18},"end":{"line":12,"column":28}},{"start":{"line":12,"column":32},"end":{"line":12,"column":36}}],"line":12},"1":{"loc":{"start":{"line":17,"column":4},"end":{"line":17,"column":55}},"type":"if","locations":[{"start":{"line":17,"column":4},"end":{"line":17,"column":55}},{"start":{},"end":{}}],"line":17},"2":{"loc":{"start":{"line":20,"column":4},"end":{"line":20,"column":49}},"type":"if","locations":[{"start":{"line":20,"column":4},"end":{"line":20,"column":49}},{"start":{},"end":{}}],"line":20},"3":{"loc":{"start":{"line":26,"column":4},"end":{"line":28,"column":5}},"type":"if","locations":[{"start":{"line":26,"column":4},"end":{"line":28,"column":5}},{"start":{},"end":{}}],"line":26}},"s":{"0":8,"1":8,"2":8,"3":8,"4":8,"5":6,"6":6,"7":6,"8":5,"9":5,"10":1,"11":4,"12":4,"13":1,"14":3,"15":3,"16":1,"17":2,"18":2},"f":{"0":6},"b":{"0":[6,1],"1":[1,4],"2":[1,3],"3":[1,2]},"_coverageSchema":"1a1c01bbd47fc00a2c39e90264f33305004495a9","hash":"e5199bf4d0b4d605f7c433847993a53792ffef7c"}
,"D:\\University\\An3Sem2\\TSS\\javascriptUnitTesting\\graphql\\mutations\\createProjectMutation.js": {"path":"D:\\University\\An3Sem2\\TSS\\javascriptUnitTesting\\graphql\\mutations\\createProjectMutation.js","statementMap":{"0":{"start":{"line":1,"column":27},"end":{"line":1,"column":45}},"1":{"start":{"line":2,"column":20},"end":{"line":2,"column":51}},"2":{"start":{"line":3,"column":31},"end":{"line":3,"column":78}},"3":{"start":{"line":4,"column":11},"end":{"line":4,"column":34}},"4":{"start":{"line":5,"column":27},"end":{"line":5,"column":59}},"5":{"start":{"line":7,"column":29},"end":{"line":7,"column":30}},"6":{"start":{"line":8,"column":29},"end":{"line":8,"column":31}},"7":{"start":{"line":9,"column":29},"end":{"line":9,"column":32}},"8":{"start":{"line":11,"column":0},"end":{"line":58,"column":2}},"9":{"start":{"line":17,"column":18},"end":{"line":17,"column":36}},"10":{"start":{"line":18,"column":20},"end":{"line":18,"column":36}},"11":{"start":{"line":19,"column":17},"end":{"line":19,"column":31}},"12":{"start":{"line":20,"column":24},"end":{"line":20,"column":95}},"13":{"start":{"line":21,"column":29},"end":{"line":21,"column":34}},"14":{"start":{"line":22,"column":4},"end":{"line":22,"column":50}},"15":{"start":{"line":24,"column":4},"end":{"line":24,"column":59}},"16":{"start":{"line":24,"column":15},"end":{"line":24,"column":59}},"17":{"start":{"line":25,"column":4},"end":{"line":27,"column":5}},"18":{"start":{"line":26,"column":6},"end":{"line":26,"column":74}},"19":{"start":{"line":28,"column":4},"end":{"line":30,"column":5}},"20":{"start":{"line":29,"column":6},"end":{"line":29,"column":68}},"21":{"start":{"line":32,"column":28},"end":{"line":32,"column":73}},"22":{"start":{"line":33,"column":4},"end":{"line":35,"column":5}},"23":{"start":{"line":34,"column":6},"end":{"line":34,"column":65}},"24":{"start":{"line":37,"column":4},"end":{"line":46,"column":5}},"25":{"start":{"line":38,"column":19},"end":{"line":38,"column":61}},"26":{"start":{"line":39,"column":6},"end":{"line":41,"column":7}},"27":{"start":{"line":40,"column":8},"end":{"line":40,"column":51}},"28":{"start":{"line":42,"column":25},"end":{"line":42,"column":78}},"29":{"start":{"line":43,"column":6},"end":{"line":45,"column":7}},"30":{"start":{"line":44,"column":8},"end":{"line":44,"column":82}},"31":{"start":{"line":48,"column":23},"end":{"line":52,"column":6}},"32":{"start":{"line":54,"column":4},"end":{"line":56,"column":7}}},"fnMap":{"0":{"name":"(anonymous_0)","decl":{"start":{"line":16,"column":11},"end":{"line":16,"column":12}},"loc":{"start":{"line":16,"column":45},"end":{"line":57,"column":3}},"line":16}},"branchMap":{"0":{"loc":{"start":{"line":17,"column":18},"end":{"line":17,"column":36}},"type":"binary-expr","locations":[{"start":{"line":17,"column":18},"end":{"line":17,"column":28}},{"start":{"line":17,"column":32},"end":{"line":17,"column":36}}],"line":17},"1":{"loc":{"start":{"line":18,"column":20},"end":{"line":18,"column":36}},"type":"binary-expr","locations":[{"start":{"line":18,"column":20},"end":{"line":18,"column":30}},{"start":{"line":18,"column":34},"end":{"line":18,"column":36}}],"line":18},"2":{"loc":{"start":{"line":20,"column":24},"end":{"line":20,"column":95}},"type":"cond-expr","locations":[{"start":{"line":20,"column":64},"end":{"line":20,"column":88}},{"start":{"line":20,"column":91},"end":{"line":20,"column":95}}],"line":20},"3":{"loc":{"start":{"line":24,"column":4},"end":{"line":24,"column":59}},"type":"if","locations":[{"start":{"line":24,"column":4},"end":{"line":24,"column":59}},{"start":{},"end":{}}],"line":24},"4":{"loc":{"start":{"line":25,"column":4},"end":{"line":27,"column":5}},"type":"if","locations":[{"start":{"line":25,"column":4},"end":{"line":27,"column":5}},{"start":{},"end":{}}],"line":25},"5":{"loc":{"start":{"line":25,"column":8},"end":{"line":25,"column":80}},"type":"binary-expr","locations":[{"start":{"line":25,"column":8},"end":{"line":25,"column":42}},{"start":{"line":25,"column":46},"end":{"line":25,"column":80}}],"line":25},"6":{"loc":{"start":{"line":28,"column":4},"end":{"line":30,"column":5}},"type":"if","locations":[{"start":{"line":28,"column":4},"end":{"line":30,"column":5}},{"start":{},"end":{}}],"line":28},"7":{"loc":{"start":{"line":28,"column":8},"end":{"line":28,"column":64}},"type":"binary-expr","locations":[{"start":{"line":28,"column":8},"end":{"line":28,"column":19}},{"start":{"line":28,"column":23},"end":{"line":28,"column":64}}],"line":28},"8":{"loc":{"start":{"line":33,"column":4},"end":{"line":35,"column":5}},"type":"if","locations":[{"start":{"line":33,"column":4},"end":{"line":35,"column":5}},{"start":{},"end":{}}],"line":33},"9":{"loc":{"start":{"line":37,"column":4},"end":{"line":46,"column":5}},"type":"if","locations":[{"start":{"line":37,"column":4},"end":{"line":46,"column":5}},{"start":{},"end":{}}],"line":37},"10":{"loc":{"start":{"line":39,"column":6},"end":{"line":41,"column":7}},"type":"if","locations":[{"start":{"line":39,"column":6},"end":{"line":41,"column":7}},{"start":{},"end":{}}],"line":39},"11":{"loc":{"start":{"line":43,"column":6},"end":{"line":45,"column":7}},"type":"if","locations":[{"start":{"line":43,"column":6},"end":{"line":45,"column":7}},{"start":{},"end":{}}],"line":43},"12":{"loc":{"start":{"line":50,"column":19},"end":{"line":50,"column":38}},"type":"binary-expr","locations":[{"start":{"line":50,"column":19},"end":{"line":50,"column":30}},{"start":{"line":50,"column":34},"end":{"line":50,"column":38}}],"line":50},"13":{"loc":{"start":{"line":51,"column":20},"end":{"line":51,"column":40}},"type":"binary-expr","locations":[{"start":{"line":51,"column":20},"end":{"line":51,"column":32}},{"start":{"line":51,"column":36},"end":{"line":51,"column":40}}],"line":51}},"s":{"0":8,"1":8,"2":8,"3":8,"4":8,"5":8,"6":8,"7":8,"8":8,"9":12,"10":12,"11":12,"12":12,"13":12,"14":12,"15":11,"16":1,"17":10,"18":2,"19":8,"20":1,"21":7,"22":7,"23":1,"24":6,"25":3,"26":3,"27":1,"28":2,"29":2,"30":1,"31":4,"32":4},"f":{"0":12},"b":{"0":[12,1],"1":[12,1],"2":[11,1],"3":[1,10],"4":[2,8],"5":[10,9],"6":[1,7],"7":[8,7],"8":[1,6],"9":[3,3],"10":[1,2],"11":[1,1],"12":[4,1],"13":[4,3]},"_coverageSchema":"1a1c01bbd47fc00a2c39e90264f33305004495a9","hash":"c982595b96630ecf09285b1b714bbaa6b5d00e7d"}
,"D:\\University\\An3Sem2\\TSS\\javascriptUnitTesting\\graphql\\mutations\\deleteProjectMutation.js": {"path":"D:\\University\\An3Sem2\\TSS\\javascriptUnitTesting\\graphql\\mutations\\deleteProjectMutation.js","statementMap":{"0":{"start":{"line":1,"column":55},"end":{"line":1,"column":73}},"1":{"start":{"line":2,"column":11},"end":{"line":2,"column":34}},"2":{"start":{"line":3,"column":27},"end":{"line":3,"column":59}},"3":{"start":{"line":5,"column":0},"end":{"line":20,"column":2}},"4":{"start":{"line":11,"column":4},"end":{"line":11,"column":39}},"5":{"start":{"line":13,"column":20},"end":{"line":13,"column":56}},"6":{"start":{"line":14,"column":4},"end":{"line":14,"column":55}},"7":{"start":{"line":14,"column":18},"end":{"line":14,"column":55}},"8":{"start":{"line":16,"column":4},"end":{"line":16,"column":28}},"9":{"start":{"line":18,"column":4},"end":{"line":18,"column":16}}},"fnMap":{"0":{"name":"(anonymous_0)","decl":{"start":{"line":10,"column":11},"end":{"line":10,"column":12}},"loc":{"start":{"line":10,"column":54},"end":{"line":19,"column":3}},"line":10}},"branchMap":{"0":{"loc":{"start":{"line":14,"column":4},"end":{"line":14,"column":55}},"type":"if","locations":[{"start":{"line":14,"column":4},"end":{"line":14,"column":55}},{"start":{},"end":{}}],"line":14}},"s":{"0":8,"1":8,"2":8,"3":8,"4":3,"5":2,"6":2,"7":1,"8":1,"9":1},"f":{"0":3},"b":{"0":[1,1]},"_coverageSchema":"1a1c01bbd47fc00a2c39e90264f33305004495a9","hash":"07d6a28b5a16b8f9b4371868abff88802b160d85"}
,"D:\\University\\An3Sem2\\TSS\\javascriptUnitTesting\\graphql\\mutations\\loginMutation.js": {"path":"D:\\University\\An3Sem2\\TSS\\javascriptUnitTesting\\graphql\\mutations\\loginMutation.js","statementMap":{"0":{"start":{"line":1,"column":27},"end":{"line":1,"column":45}},"1":{"start":{"line":2,"column":15},"end":{"line":2,"column":32}},"2":{"start":{"line":3,"column":12},"end":{"line":3,"column":35}},"3":{"start":{"line":5,"column":17},"end":{"line":5,"column":45}},"4":{"start":{"line":6,"column":23},"end":{"line":6,"column":62}},"5":{"start":{"line":7,"column":11},"end":{"line":7,"column":34}},"6":{"start":{"line":8,"column":27},"end":{"line":8,"column":53}},"7":{"start":{"line":10,"column":19},"end":{"line":10,"column":47}},"8":{"start":{"line":11,"column":23},"end":{"line":11,"column":24}},"9":{"start":{"line":12,"column":23},"end":{"line":12,"column":26}},"10":{"start":{"line":13,"column":26},"end":{"line":13,"column":27}},"11":{"start":{"line":14,"column":26},"end":{"line":14,"column":28}},"12":{"start":{"line":16,"column":0},"end":{"line":54,"column":2}},"13":{"start":{"line":22,"column":18},"end":{"line":22,"column":44}},"14":{"start":{"line":23,"column":21},"end":{"line":23,"column":41}},"15":{"start":{"line":25,"column":4},"end":{"line":25,"column":53}},"16":{"start":{"line":25,"column":16},"end":{"line":25,"column":53}},"17":{"start":{"line":26,"column":4},"end":{"line":28,"column":5}},"18":{"start":{"line":27,"column":6},"end":{"line":27,"column":68}},"19":{"start":{"line":29,"column":4},"end":{"line":29,"column":69}},"20":{"start":{"line":29,"column":33},"end":{"line":29,"column":69}},"21":{"start":{"line":31,"column":4},"end":{"line":31,"column":59}},"22":{"start":{"line":31,"column":19},"end":{"line":31,"column":59}},"23":{"start":{"line":32,"column":4},"end":{"line":34,"column":5}},"24":{"start":{"line":33,"column":6},"end":{"line":33,"column":70}},"25":{"start":{"line":36,"column":17},"end":{"line":36,"column":176}},"26":{"start":{"line":37,"column":4},"end":{"line":39,"column":5}},"27":{"start":{"line":38,"column":6},"end":{"line":38,"column":45}},"28":{"start":{"line":41,"column":15},"end":{"line":41,"column":66}},"29":{"start":{"line":42,"column":4},"end":{"line":44,"column":5}},"30":{"start":{"line":43,"column":6},"end":{"line":43,"column":45}},"31":{"start":{"line":46,"column":22},"end":{"line":46,"column":49}},"32":{"start":{"line":46,"column":42},"end":{"line":46,"column":48}},"33":{"start":{"line":47,"column":18},"end":{"line":47,"column":103}},"34":{"start":{"line":49,"column":4},"end":{"line":52,"column":6}}},"fnMap":{"0":{"name":"(anonymous_0)","decl":{"start":{"line":21,"column":2},"end":{"line":21,"column":3}},"loc":{"start":{"line":21,"column":30},"end":{"line":53,"column":3}},"line":21},"1":{"name":"(anonymous_1)","decl":{"start":{"line":46,"column":37},"end":{"line":46,"column":38}},"loc":{"start":{"line":46,"column":42},"end":{"line":46,"column":48}},"line":46}},"branchMap":{"0":{"loc":{"start":{"line":22,"column":19},"end":{"line":22,"column":36}},"type":"binary-expr","locations":[{"start":{"line":22,"column":19},"end":{"line":22,"column":30}},{"start":{"line":22,"column":34},"end":{"line":22,"column":36}}],"line":22},"1":{"loc":{"start":{"line":23,"column":21},"end":{"line":23,"column":41}},"type":"binary-expr","locations":[{"start":{"line":23,"column":21},"end":{"line":23,"column":35}},{"start":{"line":23,"column":39},"end":{"line":23,"column":41}}],"line":23},"2":{"loc":{"start":{"line":25,"column":4},"end":{"line":25,"column":53}},"type":"if","locations":[{"start":{"line":25,"column":4},"end":{"line":25,"column":53}},{"start":{},"end":{}}],"line":25},"3":{"loc":{"start":{"line":26,"column":4},"end":{"line":28,"column":5}},"type":"if","locations":[{"start":{"line":26,"column":4},"end":{"line":28,"column":5}},{"start":{},"end":{}}],"line":26},"4":{"loc":{"start":{"line":26,"column":8},"end":{"line":26,"column":70}},"type":"binary-expr","locations":[{"start":{"line":26,"column":8},"end":{"line":26,"column":37}},{"start":{"line":26,"column":41},"end":{"line":26,"column":70}}],"line":26},"5":{"loc":{"start":{"line":29,"column":4},"end":{"line":29,"column":69}},"type":"if","locations":[{"start":{"line":29,"column":4},"end":{"line":29,"column":69}},{"start":{},"end":{}}],"line":29},"6":{"loc":{"start":{"line":31,"column":4},"end":{"line":31,"column":59}},"type":"if","locations":[{"start":{"line":31,"column":4},"end":{"line":31,"column":59}},{"start":{},"end":{}}],"line":31},"7":{"loc":{"start":{"line":32,"column":4},"end":{"line":34,"column":5}},"type":"if","locations":[{"start":{"line":32,"column":4},"end":{"line":34,"column":5}},{"start":{},"end":{}}],"line":32},"8":{"loc":{"start":{"line":32,"column":8},"end":{"line":32,"column":82}},"type":"binary-expr","locations":[{"start":{"line":32,"column":8},"end":{"line":32,"column":43}},{"start":{"line":32,"column":47},"end":{"line":32,"column":82}}],"line":32},"9":{"loc":{"start":{"line":37,"column":4},"end":{"line":39,"column":5}},"type":"if","locations":[{"start":{"line":37,"column":4},"end":{"line":39,"column":5}},{"start":{},"end":{}}],"line":37},"10":{"loc":{"start":{"line":42,"column":4},"end":{"line":44,"column":5}},"type":"if","locations":[{"start":{"line":42,"column":4},"end":{"line":44,"column":5}},{"start":{},"end":{}}],"line":42}},"s":{"0":8,"1":8,"2":8,"3":8,"4":8,"5":8,"6":8,"7":8,"8":8,"9":8,"10":8,"11":8,"12":8,"13":10,"14":10,"15":10,"16":1,"17":9,"18":2,"19":7,"20":1,"21":6,"22":1,"23":5,"24":2,"25":3,"26":3,"27":1,"28":2,"29":2,"30":1,"31":1,"32":1,"33":1,"34":1},"f":{"0":10,"1":1},"b":{"0":[10,1],"1":[10,1],"2":[1,9],"3":[2,7],"4":[9,8],"5":[1,6],"6":[1,5],"7":[2,3],"8":[5,4],"9":[1,2],"10":[1,1]},"_coverageSchema":"1a1c01bbd47fc00a2c39e90264f33305004495a9","hash":"4403eca5e801126abe3e6bd0e71f0db6d2fd970f"}
,"D:\\University\\An3Sem2\\TSS\\javascriptUnitTesting\\graphql\\mutations\\registerMutation.js": {"path":"D:\\University\\An3Sem2\\TSS\\javascriptUnitTesting\\graphql\\mutations\\registerMutation.js","statementMap":{"0":{"start":{"line":1,"column":27},"end":{"line":1,"column":45}},"1":{"start":{"line":2,"column":15},"end":{"line":2,"column":32}},"2":{"start":{"line":3,"column":12},"end":{"line":3,"column":35}},"3":{"start":{"line":5,"column":17},"end":{"line":5,"column":45}},"4":{"start":{"line":6,"column":26},"end":{"line":6,"column":68}},"5":{"start":{"line":7,"column":11},"end":{"line":7,"column":34}},"6":{"start":{"line":8,"column":27},"end":{"line":8,"column":53}},"7":{"start":{"line":10,"column":19},"end":{"line":10,"column":47}},"8":{"start":{"line":11,"column":23},"end":{"line":11,"column":24}},"9":{"start":{"line":12,"column":23},"end":{"line":12,"column":26}},"10":{"start":{"line":13,"column":26},"end":{"line":13,"column":27}},"11":{"start":{"line":14,"column":26},"end":{"line":14,"column":28}},"12":{"start":{"line":15,"column":26},"end":{"line":15,"column":27}},"13":{"start":{"line":16,"column":26},"end":{"line":16,"column":28}},"14":{"start":{"line":17,"column":22},"end":{"line":17,"column":23}},"15":{"start":{"line":18,"column":22},"end":{"line":18,"column":24}},"16":{"start":{"line":20,"column":0},"end":{"line":98,"column":2}},"17":{"start":{"line":26,"column":18},"end":{"line":26,"column":44}},"18":{"start":{"line":27,"column":21},"end":{"line":27,"column":41}},"19":{"start":{"line":28,"column":21},"end":{"line":28,"column":50}},"20":{"start":{"line":29,"column":22},"end":{"line":29,"column":52}},"21":{"start":{"line":30,"column":21},"end":{"line":30,"column":50}},"22":{"start":{"line":32,"column":4},"end":{"line":32,"column":53}},"23":{"start":{"line":32,"column":16},"end":{"line":32,"column":53}},"24":{"start":{"line":33,"column":4},"end":{"line":35,"column":5}},"25":{"start":{"line":34,"column":6},"end":{"line":34,"column":68}},"26":{"start":{"line":36,"column":4},"end":{"line":36,"column":69}},"27":{"start":{"line":36,"column":33},"end":{"line":36,"column":69}},"28":{"start":{"line":38,"column":4},"end":{"line":38,"column":59}},"29":{"start":{"line":38,"column":19},"end":{"line":38,"column":59}},"30":{"start":{"line":39,"column":4},"end":{"line":41,"column":5}},"31":{"start":{"line":40,"column":6},"end":{"line":40,"column":70}},"32":{"start":{"line":43,"column":4},"end":{"line":43,"column":59}},"33":{"start":{"line":43,"column":19},"end":{"line":43,"column":59}},"34":{"start":{"line":44,"column":4},"end":{"line":46,"column":5}},"35":{"start":{"line":45,"column":6},"end":{"line":45,"column":70}},"36":{"start":{"line":48,"column":4},"end":{"line":48,"column":62}},"37":{"start":{"line":48,"column":20},"end":{"line":48,"column":62}},"38":{"start":{"line":49,"column":4},"end":{"line":51,"column":5}},"39":{"start":{"line":50,"column":6},"end":{"line":50,"column":72}},"40":{"start":{"line":53,"column":4},"end":{"line":53,"column":60}},"41":{"start":{"line":53,"column":19},"end":{"line":53,"column":60}},"42":{"start":{"line":54,"column":4},"end":{"line":56,"column":5}},"43":{"start":{"line":55,"column":6},"end":{"line":55,"column":71}},"44":{"start":{"line":58,"column":26},"end":{"line":58,"column":69}},"45":{"start":{"line":59,"column":4},"end":{"line":61,"column":5}},"46":{"start":{"line":60,"column":6},"end":{"line":60,"column":46}},"47":{"start":{"line":63,"column":29},"end":{"line":63,"column":75}},"48":{"start":{"line":64,"column":4},"end":{"line":66,"column":5}},"49":{"start":{"line":65,"column":6},"end":{"line":65,"column":49}},"50":{"start":{"line":68,"column":19},"end":{"line":68,"column":56}},"51":{"start":{"line":70,"column":17},"end":{"line":77,"column":6}},"52":{"start":{"line":80,"column":25},"end":{"line":80,"column":79}},"53":{"start":{"line":81,"column":4},"end":{"line":84,"column":5}},"54":{"start":{"line":83,"column":6},"end":{"line":83,"column":166}},"55":{"start":{"line":87,"column":26},"end":{"line":87,"column":181}},"56":{"start":{"line":88,"column":4},"end":{"line":88,"column":48}},"57":{"start":{"line":90,"column":22},"end":{"line":90,"column":58}},"58":{"start":{"line":90,"column":51},"end":{"line":90,"column":57}},"59":{"start":{"line":91,"column":18},"end":{"line":91,"column":103}},"60":{"start":{"line":93,"column":4},"end":{"line":96,"column":6}}},"fnMap":{"0":{"name":"(anonymous_0)","decl":{"start":{"line":25,"column":2},"end":{"line":25,"column":3}},"loc":{"start":{"line":25,"column":30},"end":{"line":97,"column":3}},"line":25},"1":{"name":"(anonymous_1)","decl":{"start":{"line":90,"column":46},"end":{"line":90,"column":47}},"loc":{"start":{"line":90,"column":51},"end":{"line":90,"column":57}},"line":90}},"branchMap":{"0":{"loc":{"start":{"line":26,"column":19},"end":{"line":26,"column":36}},"type":"binary-expr","locations":[{"start":{"line":26,"column":19},"end":{"line":26,"column":30}},{"start":{"line":26,"column":34},"end":{"line":26,"column":36}}],"line":26},"1":{"loc":{"start":{"line":27,"column":21},"end":{"line":27,"column":41}},"type":"binary-expr","locations":[{"start":{"line":27,"column":21},"end":{"line":27,"column":35}},{"start":{"line":27,"column":39},"end":{"line":27,"column":41}}],"line":27},"2":{"loc":{"start":{"line":28,"column":22},"end":{"line":28,"column":42}},"type":"binary-expr","locations":[{"start":{"line":28,"column":22},"end":{"line":28,"column":36}},{"start":{"line":28,"column":40},"end":{"line":28,"column":42}}],"line":28},"3":{"loc":{"start":{"line":29,"column":23},"end":{"line":29,"column":44}},"type":"binary-expr","locations":[{"start":{"line":29,"column":23},"end":{"line":29,"column":38}},{"start":{"line":29,"column":42},"end":{"line":29,"column":44}}],"line":29},"4":{"loc":{"start":{"line":30,"column":22},"end":{"line":30,"column":42}},"type":"binary-expr","locations":[{"start":{"line":30,"column":22},"end":{"line":30,"column":36}},{"start":{"line":30,"column":40},"end":{"line":30,"column":42}}],"line":30},"5":{"loc":{"start":{"line":32,"column":4},"end":{"line":32,"column":53}},"type":"if","locations":[{"start":{"line":32,"column":4},"end":{"line":32,"column":53}},{"start":{},"end":{}}],"line":32},"6":{"loc":{"start":{"line":33,"column":4},"end":{"line":35,"column":5}},"type":"if","locations":[{"start":{"line":33,"column":4},"end":{"line":35,"column":5}},{"start":{},"end":{}}],"line":33},"7":{"loc":{"start":{"line":33,"column":8},"end":{"line":33,"column":70}},"type":"binary-expr","locations":[{"start":{"line":33,"column":8},"end":{"line":33,"column":37}},{"start":{"line":33,"column":41},"end":{"line":33,"column":70}}],"line":33},"8":{"loc":{"start":{"line":36,"column":4},"end":{"line":36,"column":69}},"type":"if","locations":[{"start":{"line":36,"column":4},"end":{"line":36,"column":69}},{"start":{},"end":{}}],"line":36},"9":{"loc":{"start":{"line":38,"column":4},"end":{"line":38,"column":59}},"type":"if","locations":[{"start":{"line":38,"column":4},"end":{"line":38,"column":59}},{"start":{},"end":{}}],"line":38},"10":{"loc":{"start":{"line":39,"column":4},"end":{"line":41,"column":5}},"type":"if","locations":[{"start":{"line":39,"column":4},"end":{"line":41,"column":5}},{"start":{},"end":{}}],"line":39},"11":{"loc":{"start":{"line":39,"column":8},"end":{"line":39,"column":82}},"type":"binary-expr","locations":[{"start":{"line":39,"column":8},"end":{"line":39,"column":43}},{"start":{"line":39,"column":47},"end":{"line":39,"column":82}}],"line":39},"12":{"loc":{"start":{"line":43,"column":4},"end":{"line":43,"column":59}},"type":"if","locations":[{"start":{"line":43,"column":4},"end":{"line":43,"column":59}},{"start":{},"end":{}}],"line":43},"13":{"loc":{"start":{"line":44,"column":4},"end":{"line":46,"column":5}},"type":"if","locations":[{"start":{"line":44,"column":4},"end":{"line":46,"column":5}},{"start":{},"end":{}}],"line":44},"14":{"loc":{"start":{"line":44,"column":8},"end":{"line":44,"column":82}},"type":"binary-expr","locations":[{"start":{"line":44,"column":8},"end":{"line":44,"column":43}},{"start":{"line":44,"column":47},"end":{"line":44,"column":82}}],"line":44},"15":{"loc":{"start":{"line":48,"column":4},"end":{"line":48,"column":62}},"type":"if","locations":[{"start":{"line":48,"column":4},"end":{"line":48,"column":62}},{"start":{},"end":{}}],"line":48},"16":{"loc":{"start":{"line":49,"column":4},"end":{"line":51,"column":5}},"type":"if","locations":[{"start":{"line":49,"column":4},"end":{"line":51,"column":5}},{"start":{},"end":{}}],"line":49},"17":{"loc":{"start":{"line":49,"column":8},"end":{"line":49,"column":76}},"type":"binary-expr","locations":[{"start":{"line":49,"column":8},"end":{"line":49,"column":40}},{"start":{"line":49,"column":44},"end":{"line":49,"column":76}}],"line":49},"18":{"loc":{"start":{"line":53,"column":4},"end":{"line":53,"column":60}},"type":"if","locations":[{"start":{"line":53,"column":4},"end":{"line":53,"column":60}},{"start":{},"end":{}}],"line":53},"19":{"loc":{"start":{"line":54,"column":4},"end":{"line":56,"column":5}},"type":"if","locations":[{"start":{"line":54,"column":4},"end":{"line":56,"column":5}},{"start":{},"end":{}}],"line":54},"20":{"loc":{"start":{"line":54,"column":8},"end":{"line":54,"column":74}},"type":"binary-expr","locations":[{"start":{"line":54,"column":8},"end":{"line":54,"column":39}},{"start":{"line":54,"column":43},"end":{"line":54,"column":74}}],"line":54},"21":{"loc":{"start":{"line":59,"column":4},"end":{"line":61,"column":5}},"type":"if","locations":[{"start":{"line":59,"column":4},"end":{"line":61,"column":5}},{"start":{},"end":{}}],"line":59},"22":{"loc":{"start":{"line":64,"column":4},"end":{"line":66,"column":5}},"type":"if","locations":[{"start":{"line":64,"column":4},"end":{"line":66,"column":5}},{"start":{},"end":{}}],"line":64},"23":{"loc":{"start":{"line":81,"column":4},"end":{"line":84,"column":5}},"type":"if","locations":[{"start":{"line":81,"column":4},"end":{"line":84,"column":5}},{"start":{},"end":{}}],"line":81}},"s":{"0":8,"1":8,"2":8,"3":8,"4":8,"5":8,"6":8,"7":8,"8":8,"9":8,"10":8,"11":8,"12":8,"13":8,"14":8,"15":8,"16":8,"17":20,"18":20,"19":20,"20":20,"21":20,"22":20,"23":1,"24":19,"25":2,"26":17,"27":1,"28":16,"29":1,"30":15,"31":2,"32":13,"33":1,"34":12,"35":2,"36":10,"37":1,"38":9,"39":2,"40":7,"41":1,"42":6,"43":2,"44":4,"45":4,"46":1,"47":3,"48":3,"49":1,"50":2,"51":2,"52":2,"53":2,"54":1,"55":2,"56":2,"57":2,"58":1,"59":2,"60":2},"f":{"0":20,"1":1},"b":{"0":[20,1],"1":[20,1],"2":[20,1],"3":[20,1],"4":[20,1],"5":[1,19],"6":[2,17],"7":[19,18],"8":[1,16],"9":[1,15],"10":[2,13],"11":[15,14],"12":[1,12],"13":[2,10],"14":[12,11],"15":[1,9],"16":[2,7],"17":[9,8],"18":[1,6],"19":[2,4],"20":[6,5],"21":[1,3],"22":[1,2],"23":[1,1]},"_coverageSchema":"1a1c01bbd47fc00a2c39e90264f33305004495a9","hash":"37ff24cd588905968c579eb31792119f3533ef5b"}
,"D:\\University\\An3Sem2\\TSS\\javascriptUnitTesting\\graphql\\mutations\\removeUserFromProjectMutation.js": {"path":"D:\\University\\An3Sem2\\TSS\\javascriptUnitTesting\\graphql\\mutations\\removeUserFromProjectMutation.js","statementMap":{"0":{"start":{"line":1,"column":43},"end":{"line":1,"column":61}},"1":{"start":{"line":2,"column":39},"end":{"line":2,"column":94}},"2":{"start":{"line":3,"column":11},"end":{"line":3,"column":34}},"3":{"start":{"line":4,"column":27},"end":{"line":4,"column":59}},"4":{"start":{"line":6,"column":0},"end":{"line":25,"column":2}},"5":{"start":{"line":12,"column":34},"end":{"line":12,"column":39}},"6":{"start":{"line":13,"column":4},"end":{"line":13,"column":50}},"7":{"start":{"line":15,"column":25},"end":{"line":17,"column":6}},"8":{"start":{"line":19,"column":4},"end":{"line":21,"column":5}},"9":{"start":{"line":20,"column":6},"end":{"line":20,"column":89}},"10":{"start":{"line":23,"column":4},"end":{"line":23,"column":16}}},"fnMap":{"0":{"name":"(anonymous_0)","decl":{"start":{"line":11,"column":11},"end":{"line":11,"column":12}},"loc":{"start":{"line":11,"column":50},"end":{"line":24,"column":3}},"line":11}},"branchMap":{"0":{"loc":{"start":{"line":19,"column":4},"end":{"line":21,"column":5}},"type":"if","locations":[{"start":{"line":19,"column":4},"end":{"line":21,"column":5}},{"start":{},"end":{}}],"line":19}},"s":{"0":8,"1":8,"2":8,"3":8,"4":8,"5":3,"6":3,"7":2,"8":2,"9":1,"10":1},"f":{"0":3},"b":{"0":[1,1]},"_coverageSchema":"1a1c01bbd47fc00a2c39e90264f33305004495a9","hash":"df4cb5cb2124cf206cf168d10a3707bb7be41dfb"}
,"D:\\University\\An3Sem2\\TSS\\javascriptUnitTesting\\graphql\\mutations\\updateProjectMutation.js": {"path":"D:\\University\\An3Sem2\\TSS\\javascriptUnitTesting\\graphql\\mutations\\updateProjectMutation.js","statementMap":{"0":{"start":{"line":1,"column":27},"end":{"line":1,"column":45}},"1":{"start":{"line":2,"column":20},"end":{"line":2,"column":51}},"2":{"start":{"line":3,"column":31},"end":{"line":3,"column":78}},"3":{"start":{"line":4,"column":11},"end":{"line":4,"column":34}},"4":{"start":{"line":5,"column":27},"end":{"line":5,"column":59}},"5":{"start":{"line":7,"column":29},"end":{"line":7,"column":30}},"6":{"start":{"line":8,"column":29},"end":{"line":8,"column":31}},"7":{"start":{"line":9,"column":29},"end":{"line":9,"column":32}},"8":{"start":{"line":11,"column":0},"end":{"line":51,"column":2}},"9":{"start":{"line":17,"column":17},"end":{"line":17,"column":22}},"10":{"start":{"line":18,"column":4},"end":{"line":18,"column":50}},"11":{"start":{"line":20,"column":20},"end":{"line":20,"column":61}},"12":{"start":{"line":21,"column":4},"end":{"line":21,"column":55}},"13":{"start":{"line":21,"column":18},"end":{"line":21,"column":55}},"14":{"start":{"line":23,"column":4},"end":{"line":30,"column":5}},"15":{"start":{"line":24,"column":26},"end":{"line":24,"column":42}},"16":{"start":{"line":25,"column":6},"end":{"line":25,"column":68}},"17":{"start":{"line":25,"column":24},"end":{"line":25,"column":68}},"18":{"start":{"line":26,"column":6},"end":{"line":28,"column":7}},"19":{"start":{"line":27,"column":8},"end":{"line":27,"column":76}},"20":{"start":{"line":29,"column":6},"end":{"line":29,"column":30}},"21":{"start":{"line":32,"column":4},"end":{"line":38,"column":5}},"22":{"start":{"line":33,"column":33},"end":{"line":33,"column":56}},"23":{"start":{"line":34,"column":6},"end":{"line":36,"column":7}},"24":{"start":{"line":35,"column":8},"end":{"line":35,"column":70}},"25":{"start":{"line":37,"column":6},"end":{"line":37,"column":44}},"26":{"start":{"line":40,"column":4},"end":{"line":43,"column":5}},"27":{"start":{"line":41,"column":21},"end":{"line":41,"column":68}},"28":{"start":{"line":42,"column":8},"end":{"line":42,"column":62}},"29":{"start":{"line":42,"column":19},"end":{"line":42,"column":62}},"30":{"start":{"line":45,"column":4},"end":{"line":45,"column":31}},"31":{"start":{"line":47,"column":4},"end":{"line":49,"column":7}}},"fnMap":{"0":{"name":"(anonymous_0)","decl":{"start":{"line":16,"column":11},"end":{"line":16,"column":12}},"loc":{"start":{"line":16,"column":50},"end":{"line":50,"column":3}},"line":16}},"branchMap":{"0":{"loc":{"start":{"line":21,"column":4},"end":{"line":21,"column":55}},"type":"if","locations":[{"start":{"line":21,"column":4},"end":{"line":21,"column":55}},{"start":{},"end":{}}],"line":21},"1":{"loc":{"start":{"line":23,"column":4},"end":{"line":30,"column":5}},"type":"if","locations":[{"start":{"line":23,"column":4},"end":{"line":30,"column":5}},{"start":{},"end":{}}],"line":23},"2":{"loc":{"start":{"line":25,"column":6},"end":{"line":25,"column":68}},"type":"if","locations":[{"start":{"line":25,"column":6},"end":{"line":25,"column":68}},{"start":{},"end":{}}],"line":25},"3":{"loc":{"start":{"line":26,"column":6},"end":{"line":28,"column":7}},"type":"if","locations":[{"start":{"line":26,"column":6},"end":{"line":28,"column":7}},{"start":{},"end":{}}],"line":26},"4":{"loc":{"start":{"line":26,"column":10},"end":{"line":26,"column":96}},"type":"binary-expr","locations":[{"start":{"line":26,"column":10},"end":{"line":26,"column":51}},{"start":{"line":26,"column":55},"end":{"line":26,"column":96}}],"line":26},"5":{"loc":{"start":{"line":32,"column":4},"end":{"line":38,"column":5}},"type":"if","locations":[{"start":{"line":32,"column":4},"end":{"line":38,"column":5}},{"start":{},"end":{}}],"line":32},"6":{"loc":{"start":{"line":34,"column":6},"end":{"line":36,"column":7}},"type":"if","locations":[{"start":{"line":34,"column":6},"end":{"line":36,"column":7}},{"start":{},"end":{}}],"line":34},"7":{"loc":{"start":{"line":34,"column":10},"end":{"line":34,"column":80}},"type":"binary-expr","locations":[{"start":{"line":34,"column":10},"end":{"line":34,"column":28}},{"start":{"line":34,"column":32},"end":{"line":34,"column":80}}],"line":34},"8":{"loc":{"start":{"line":40,"column":4},"end":{"line":43,"column":5}},"type":"if","locations":[{"start":{"line":40,"column":4},"end":{"line":43,"column":5}},{"start":{},"end":{}}],"line":40},"9":{"loc":{"start":{"line":42,"column":8},"end":{"line":42,"column":62}},"type":"if","locations":[{"start":{"line":42,"column":8},"end":{"line":42,"column":62}},{"start":{},"end":{}}],"line":42}},"s":{"0":8,"1":8,"2":8,"3":8,"4":8,"5":8,"6":8,"7":8,"8":8,"9":9,"10":9,"11":8,"12":8,"13":1,"14":7,"15":6,"16":6,"17":1,"18":5,"19":2,"20":3,"21":4,"22":3,"23":3,"24":1,"25":2,"26":3,"27":2,"28":2,"29":1,"30":2,"31":2},"f":{"0":9},"b":{"0":[1,7],"1":[6,1],"2":[1,5],"3":[2,3],"4":[5,4],"5":[3,1],"6":[1,2],"7":[3,3],"8":[2,1],"9":[1,1]},"_coverageSchema":"1a1c01bbd47fc00a2c39e90264f33305004495a9","hash":"272583144cd8cbfcbc06aefa4554d626fa2631c4"}
}
