TN:
SF:graphql\mutations\addRoleToUserMutation.js
FN:12,(anonymous_0)
FNF:1
FNH:1
FNDA:5,(anonymous_0)
DA:1,16
DA:2,16
DA:3,16
DA:4,16
DA:6,16
DA:14,5
DA:16,4
DA:17,4
DA:19,3
DA:20,3
DA:23,2
DA:24,2
DA:26,1
DA:28,1
DA:29,1
LF:15
LH:15
BRDA:17,0,0,1
BRDA:17,0,1,3
BRDA:20,1,0,1
BRDA:20,1,1,2
BRDA:24,2,0,1
BRDA:24,2,1,1
BRF:6
BRH:6
end_of_record
TN:
SF:graphql\mutations\addUserToProjectMutation.js
FN:11,(anonymous_0)
FNF:1
FNH:1
FNDA:6,(anonymous_0)
DA:1,16
DA:2,16
DA:3,16
DA:4,16
DA:6,16
DA:12,6
DA:13,6
DA:14,6
DA:16,5
DA:17,5
DA:19,4
DA:20,4
DA:22,3
DA:26,3
DA:27,1
DA:30,2
DA:32,2
LF:17
LH:17
BRDA:12,0,0,6
BRDA:12,0,1,1
BRDA:17,1,0,1
BRDA:17,1,1,4
BRDA:20,2,0,1
BRDA:20,2,1,3
BRDA:26,3,0,1
BRDA:26,3,1,2
BRF:8
BRH:8
end_of_record
TN:
SF:graphql\mutations\assignTaskMutation.js
FN:11,(anonymous_0)
FNF:1
FNH:1
FNDA:4,(anonymous_0)
DA:1,16
DA:2,16
DA:3,16
DA:4,16
DA:6,16
DA:12,4
DA:13,4
DA:15,3
DA:17,2
DA:18,2
DA:20,1
DA:22,1
DA:29,1
LF:13
LH:13
BRDA:13,0,0,1
BRDA:13,0,1,3
BRDA:15,1,0,1
BRDA:15,1,1,2
BRDA:18,2,0,1
BRDA:18,2,1,1
BRF:6
BRH:6
end_of_record
TN:
SF:graphql\mutations\changeTaskStatusMutation.js
FN:11,(anonymous_0)
FNF:1
FNH:1
FNDA:4,(anonymous_0)
DA:1,16
DA:2,16
DA:3,16
DA:4,16
DA:6,16
DA:12,4
DA:13,4
DA:15,3
DA:16,1
DA:19,2
DA:20,2
DA:22,1
DA:24,1
DA:31,1
LF:14
LH:14
BRDA:13,0,0,1
BRDA:13,0,1,3
BRDA:15,1,0,1
BRDA:15,1,1,2
BRDA:15,2,0,3
BRDA:15,2,1,3
BRDA:20,3,0,1
BRDA:20,3,1,1
BRF:8
BRH:8
end_of_record
TN:
SF:graphql\mutations\createProjectMutation.js
FN:16,(anonymous_0)
FNF:1
FNH:1
FNDA:12,(anonymous_0)
DA:1,16
DA:2,16
DA:3,16
DA:4,16
DA:5,16
DA:7,16
DA:8,16
DA:9,16
DA:11,16
DA:17,12
DA:18,12
DA:19,12
DA:20,12
DA:21,12
DA:22,12
DA:24,11
DA:25,10
DA:26,2
DA:28,8
DA:29,1
DA:32,7
DA:33,7
DA:34,1
DA:37,6
DA:38,3
DA:39,3
DA:40,1
DA:42,2
DA:43,2
DA:44,1
DA:48,4
DA:54,4
LF:32
LH:32
BRDA:17,0,0,12
BRDA:17,0,1,1
BRDA:18,1,0,12
BRDA:18,1,1,1
BRDA:20,2,0,11
BRDA:20,2,1,1
BRDA:24,3,0,1
BRDA:24,3,1,10
BRDA:25,4,0,2
BRDA:25,4,1,8
BRDA:25,5,0,10
BRDA:25,5,1,9
BRDA:28,6,0,1
BRDA:28,6,1,7
BRDA:28,7,0,8
BRDA:28,7,1,7
BRDA:33,8,0,1
BRDA:33,8,1,6
BRDA:37,9,0,3
BRDA:37,9,1,3
BRDA:39,10,0,1
BRDA:39,10,1,2
BRDA:43,11,0,1
BRDA:43,11,1,1
BRDA:50,12,0,4
BRDA:50,12,1,1
BRDA:51,13,0,4
BRDA:51,13,1,3
BRF:28
BRH:28
end_of_record
TN:
SF:graphql\mutations\createSprintMutation.js
FN:13,(anonymous_0)
FNF:1
FNH:1
FNDA:14,(anonymous_0)
DA:1,16
DA:2,16
DA:3,16
DA:4,16
DA:5,16
DA:6,16
DA:8,16
DA:14,14
DA:16,14
DA:18,13
DA:19,13
DA:20,13
DA:21,13
DA:22,13
DA:24,13
DA:25,1
DA:27,12
DA:28,2
DA:31,10
DA:32,9
DA:34,8
DA:35,8
DA:36,8
DA:37,1
DA:39,7
DA:40,1
DA:43,6
DA:44,5
DA:45,5
DA:47,4
DA:48,4
DA:49,1
DA:52,3
DA:64,3
DA:65,1
DA:69,3
DA:77,3
LF:37
LH:37
BRDA:18,0,0,12
BRDA:18,0,1,1
BRDA:19,1,0,12
BRDA:19,1,1,1
BRDA:22,2,0,13
BRDA:22,2,1,1
BRDA:24,3,0,1
BRDA:24,3,1,12
BRDA:24,4,0,13
BRDA:24,4,1,2
BRDA:27,5,0,2
BRDA:27,5,1,10
BRDA:27,6,0,12
BRDA:27,6,1,12
BRDA:31,7,0,1
BRDA:31,7,1,9
BRDA:32,8,0,1
BRDA:32,8,1,8
BRDA:36,9,0,1
BRDA:36,9,1,7
BRDA:36,10,0,8
BRDA:36,10,1,7
BRDA:39,11,0,1
BRDA:39,11,1,6
BRDA:43,12,0,5
BRDA:43,12,1,1
BRDA:45,13,0,1
BRDA:45,13,1,4
BRDA:48,14,0,1
BRDA:48,14,1,3
BRDA:64,15,0,1
BRDA:64,15,1,2
BRDA:71,16,0,3
BRDA:71,16,1,1
BRF:34
BRH:34
end_of_record
TN:
SF:graphql\mutations\createTaskMutation.js
FN:12,(anonymous_0)
FNF:1
FNH:1
FNDA:12,(anonymous_0)
DA:1,16
DA:2,16
DA:3,16
DA:4,16
DA:5,16
DA:7,16
DA:13,12
DA:14,12
DA:17,12
DA:18,11
DA:19,11
DA:21,10
DA:22,9
DA:23,9
DA:25,8
DA:26,8
DA:28,7
DA:29,7
DA:30,2
DA:31,2
DA:32,1
DA:35,6
DA:36,6
DA:37,1
DA:39,5
DA:40,5
DA:41,4
DA:44,4
DA:45,4
DA:46,3
DA:47,3
DA:48,3
DA:49,3
DA:50,2
DA:53,3
DA:64,3
DA:65,3
DA:66,3
DA:67,3
DA:68,3
DA:70,3
DA:71,3
LF:42
LH:42
BRDA:17,0,0,1
BRDA:17,0,1,11
BRDA:17,1,0,12
BRDA:17,1,1,12
BRDA:17,1,2,11
BRDA:19,2,0,1
BRDA:19,2,1,10
BRDA:21,3,0,1
BRDA:21,3,1,9
BRDA:21,4,0,10
BRDA:21,4,1,9
BRDA:21,4,2,9
BRDA:23,5,0,1
BRDA:23,5,1,8
BRDA:26,6,0,1
BRDA:26,6,1,7
BRDA:26,7,0,8
BRDA:26,7,1,7
BRDA:29,8,0,2
BRDA:29,8,1,5
BRDA:31,9,0,1
BRDA:31,9,1,1
BRDA:36,10,0,1
BRDA:36,10,1,5
BRDA:36,11,0,6
BRDA:36,11,1,5
BRDA:36,11,2,5
BRDA:40,12,0,1
BRDA:40,12,1,4
BRDA:45,13,0,3
BRDA:45,13,1,1
BRDA:45,14,0,4
BRDA:45,14,1,3
BRDA:49,15,0,1
BRDA:49,15,1,2
BRDA:56,16,0,3
BRDA:56,16,1,1
BRF:37
BRH:37
end_of_record
TN:
SF:graphql\mutations\deleteProjectMutation.js
FN:10,(anonymous_0)
FNF:1
FNH:1
FNDA:3,(anonymous_0)
DA:1,16
DA:2,16
DA:3,16
DA:5,16
DA:11,3
DA:13,2
DA:14,2
DA:16,1
DA:18,1
LF:9
LH:9
BRDA:14,0,0,1
BRDA:14,0,1,1
BRF:2
BRH:2
end_of_record
TN:
SF:graphql\mutations\deleteSprintMutation.js
FN:10,(anonymous_0)
FNF:1
FNH:1
FNDA:3,(anonymous_0)
DA:1,16
DA:2,16
DA:3,16
DA:5,16
DA:11,3
DA:13,2
DA:14,2
DA:16,1
DA:17,1
LF:9
LH:9
BRDA:14,0,0,1
BRDA:14,0,1,1
BRF:2
BRH:2
end_of_record
TN:
SF:graphql\mutations\deleteTaskMutation.js
FN:10,(anonymous_0)
FNF:1
FNH:1
FNDA:3,(anonymous_0)
DA:1,16
DA:2,16
DA:3,16
DA:5,16
DA:11,3
DA:13,2
DA:14,2
DA:16,1
DA:17,1
LF:9
LH:9
BRDA:14,0,0,1
BRDA:14,0,1,1
BRF:2
BRH:2
end_of_record
TN:
SF:graphql\mutations\loginMutation.js
FN:21,(anonymous_0)
FN:46,(anonymous_1)
FNF:2
FNH:2
FNDA:10,(anonymous_0)
FNDA:1,(anonymous_1)
DA:1,16
DA:2,16
DA:3,16
DA:5,16
DA:6,16
DA:7,16
DA:8,16
DA:10,16
DA:11,16
DA:12,16
DA:13,16
DA:14,16
DA:16,16
DA:22,10
DA:23,10
DA:25,10
DA:26,9
DA:27,2
DA:29,7
DA:31,6
DA:32,5
DA:33,2
DA:36,3
DA:37,3
DA:38,1
DA:41,2
DA:42,2
DA:43,1
DA:46,1
DA:47,1
DA:49,1
LF:31
LH:31
BRDA:22,0,0,10
BRDA:22,0,1,1
BRDA:23,1,0,10
BRDA:23,1,1,1
BRDA:25,2,0,1
BRDA:25,2,1,9
BRDA:26,3,0,2
BRDA:26,3,1,7
BRDA:26,4,0,9
BRDA:26,4,1,8
BRDA:29,5,0,1
BRDA:29,5,1,6
BRDA:31,6,0,1
BRDA:31,6,1,5
BRDA:32,7,0,2
BRDA:32,7,1,3
BRDA:32,8,0,5
BRDA:32,8,1,4
BRDA:37,9,0,1
BRDA:37,9,1,2
BRDA:42,10,0,1
BRDA:42,10,1,1
BRF:22
BRH:22
end_of_record
TN:
SF:graphql\mutations\registerMutation.js
FN:25,(anonymous_0)
FN:90,(anonymous_1)
FNF:2
FNH:2
FNDA:20,(anonymous_0)
FNDA:1,(anonymous_1)
DA:1,16
DA:2,16
DA:3,16
DA:5,16
DA:6,16
DA:7,16
DA:8,16
DA:10,16
DA:11,16
DA:12,16
DA:13,16
DA:14,16
DA:15,16
DA:16,16
DA:17,16
DA:18,16
DA:20,16
DA:26,20
DA:27,20
DA:28,20
DA:29,20
DA:30,20
DA:32,20
DA:33,19
DA:34,2
DA:36,17
DA:38,16
DA:39,15
DA:40,2
DA:43,13
DA:44,12
DA:45,2
DA:48,10
DA:49,9
DA:50,2
DA:53,7
DA:54,6
DA:55,2
DA:58,4
DA:59,4
DA:60,1
DA:63,3
DA:64,3
DA:65,1
DA:68,2
DA:70,2
DA:80,2
DA:81,2
DA:83,1
DA:87,2
DA:88,2
DA:90,2
DA:91,2
DA:93,2
LF:54
LH:54
BRDA:26,0,0,20
BRDA:26,0,1,1
BRDA:27,1,0,20
BRDA:27,1,1,1
BRDA:28,2,0,20
BRDA:28,2,1,1
BRDA:29,3,0,20
BRDA:29,3,1,1
BRDA:30,4,0,20
BRDA:30,4,1,1
BRDA:32,5,0,1
BRDA:32,5,1,19
BRDA:33,6,0,2
BRDA:33,6,1,17
BRDA:33,7,0,19
BRDA:33,7,1,18
BRDA:36,8,0,1
BRDA:36,8,1,16
BRDA:38,9,0,1
BRDA:38,9,1,15
BRDA:39,10,0,2
BRDA:39,10,1,13
BRDA:39,11,0,15
BRDA:39,11,1,14
BRDA:43,12,0,1
BRDA:43,12,1,12
BRDA:44,13,0,2
BRDA:44,13,1,10
BRDA:44,14,0,12
BRDA:44,14,1,11
BRDA:48,15,0,1
BRDA:48,15,1,9
BRDA:49,16,0,2
BRDA:49,16,1,7
BRDA:49,17,0,9
BRDA:49,17,1,8
BRDA:53,18,0,1
BRDA:53,18,1,6
BRDA:54,19,0,2
BRDA:54,19,1,4
BRDA:54,20,0,6
BRDA:54,20,1,5
BRDA:59,21,0,1
BRDA:59,21,1,3
BRDA:64,22,0,1
BRDA:64,22,1,2
BRDA:81,23,0,1
BRDA:81,23,1,1
BRF:48
BRH:48
end_of_record
TN:
SF:graphql\mutations\removeUserFromProjectMutation.js
FN:11,(anonymous_0)
FNF:1
FNH:1
FNDA:3,(anonymous_0)
DA:1,16
DA:2,16
DA:3,16
DA:4,16
DA:6,16
DA:12,3
DA:13,3
DA:15,2
DA:19,2
DA:20,1
DA:23,1
LF:11
LH:11
BRDA:19,0,0,1
BRDA:19,0,1,1
BRF:2
BRH:2
end_of_record
TN:
SF:graphql\mutations\updateProjectMutation.js
FN:16,(anonymous_0)
FNF:1
FNH:1
FNDA:9,(anonymous_0)
DA:1,16
DA:2,16
DA:3,16
DA:4,16
DA:5,16
DA:7,16
DA:8,16
DA:9,16
DA:11,16
DA:17,9
DA:18,9
DA:20,8
DA:21,8
DA:23,7
DA:24,6
DA:25,6
DA:26,5
DA:27,2
DA:29,3
DA:32,4
DA:33,3
DA:34,3
DA:35,1
DA:37,2
DA:40,3
DA:41,2
DA:42,2
DA:45,2
DA:47,2
LF:29
LH:29
BRDA:21,0,0,1
BRDA:21,0,1,7
BRDA:23,1,0,6
BRDA:23,1,1,1
BRDA:25,2,0,1
BRDA:25,2,1,5
BRDA:26,3,0,2
BRDA:26,3,1,3
BRDA:26,4,0,5
BRDA:26,4,1,4
BRDA:32,5,0,3
BRDA:32,5,1,1
BRDA:34,6,0,1
BRDA:34,6,1,2
BRDA:34,7,0,3
BRDA:34,7,1,3
BRDA:40,8,0,2
BRDA:40,8,1,1
BRDA:42,9,0,1
BRDA:42,9,1,1
BRF:20
BRH:20
end_of_record
TN:
SF:graphql\mutations\updateSprintMutation.js
FN:12,(anonymous_0)
FNF:1
FNH:1
FNDA:14,(anonymous_0)
DA:1,16
DA:2,16
DA:3,16
DA:4,16
DA:5,16
DA:7,16
DA:14,14
DA:16,13
DA:17,13
DA:19,12
DA:20,12
DA:22,12
DA:23,4
DA:24,1
DA:28,11
DA:30,11
DA:31,9
DA:32,9
DA:35,10
DA:36,10
DA:38,10
DA:39,8
DA:40,7
DA:42,6
DA:43,6
DA:44,6
DA:45,1
DA:47,5
DA:48,1
DA:51,4
DA:52,2
DA:65,2
DA:66,1
DA:71,5
DA:72,3
DA:73,3
DA:74,1
DA:78,4
DA:86,4
LF:39
LH:39
BRDA:17,0,0,1
BRDA:17,0,1,12
BRDA:19,1,0,4
BRDA:19,1,1,8
BRDA:20,2,0,4
BRDA:20,2,1,8
BRDA:22,3,0,4
BRDA:22,3,1,8
BRDA:23,4,0,1
BRDA:23,4,1,3
BRDA:23,5,0,4
BRDA:23,5,1,4
BRDA:28,6,0,2
BRDA:28,6,1,9
BRDA:28,7,0,11
BRDA:28,7,1,2
BRDA:30,8,0,9
BRDA:30,8,1,2
BRDA:30,9,0,11
BRDA:30,9,1,11
BRDA:32,10,0,1
BRDA:32,10,1,8
BRDA:35,11,0,7
BRDA:35,11,1,3
BRDA:36,12,0,6
BRDA:36,12,1,4
BRDA:38,13,0,8
BRDA:38,13,1,2
BRDA:38,14,0,10
BRDA:38,14,1,3
BRDA:39,15,0,1
BRDA:39,15,1,7
BRDA:40,16,0,1
BRDA:40,16,1,6
BRDA:44,17,0,1
BRDA:44,17,1,5
BRDA:44,18,0,6
BRDA:44,18,1,5
BRDA:47,19,0,1
BRDA:47,19,1,4
BRDA:51,20,0,2
BRDA:51,20,1,2
BRDA:65,21,0,1
BRDA:65,21,1,1
BRDA:71,22,0,3
BRDA:71,22,1,2
BRDA:71,23,0,5
BRDA:71,23,1,3
BRDA:73,24,0,1
BRDA:73,24,1,2
BRDA:73,25,0,3
BRDA:73,25,1,1
BRDA:79,26,0,2
BRDA:79,26,1,2
BRDA:80,27,0,2
BRDA:80,27,1,2
BRDA:81,28,0,3
BRDA:81,28,1,1
BRDA:82,29,0,3
BRDA:82,29,1,1
BRDA:83,30,0,1
BRDA:83,30,1,3
BRF:62
BRH:62
end_of_record
TN:
SF:graphql\mutations\updateTaskMutation.js
FN:11,(anonymous_0)
FNF:1
FNH:1
FNDA:14,(anonymous_0)
DA:1,16
DA:2,16
DA:3,16
DA:4,16
DA:6,16
DA:12,14
DA:13,14
DA:19,13
DA:20,13
DA:21,3
DA:22,1
DA:24,2
DA:25,2
DA:26,1
DA:30,11
DA:31,11
DA:32,3
DA:33,1
DA:35,2
DA:36,2
DA:37,1
DA:41,9
DA:42,9
DA:43,3
DA:44,1
DA:46,2
DA:47,2
DA:48,2
DA:49,2
DA:50,1
DA:54,8
DA:55,8
DA:56,3
DA:57,2
DA:58,1
DA:60,6
DA:61,3
DA:62,2
DA:63,1
DA:65,4
DA:66,2
DA:67,2
DA:68,1
DA:70,3
DA:71,3
DA:72,3
DA:73,1
DA:76,3
DA:79,3
DA:80,3
DA:81,3
DA:82,3
DA:83,3
DA:85,3
DA:87,3
LF:55
LH:55
BRDA:13,0,0,1
BRDA:13,0,1,13
BRDA:20,1,0,3
BRDA:20,1,1,10
BRDA:21,2,0,1
BRDA:21,2,1,2
BRDA:25,3,0,1
BRDA:25,3,1,1
BRDA:31,4,0,3
BRDA:31,4,1,8
BRDA:32,5,0,1
BRDA:32,5,1,2
BRDA:36,6,0,1
BRDA:36,6,1,1
BRDA:42,7,0,3
BRDA:42,7,1,6
BRDA:43,8,0,1
BRDA:43,8,1,2
BRDA:49,9,0,1
BRDA:49,9,1,1
BRDA:55,10,0,3
BRDA:55,10,1,5
BRDA:56,11,0,1
BRDA:56,11,1,2
BRDA:57,12,0,1
BRDA:57,12,1,1
BRDA:60,13,0,3
BRDA:60,13,1,3
BRDA:61,14,0,1
BRDA:61,14,1,2
BRDA:61,15,0,3
BRDA:61,15,1,3
BRDA:62,16,0,1
BRDA:62,16,1,1
BRDA:65,17,0,2
BRDA:65,17,1,2
BRDA:67,18,0,1
BRDA:67,18,1,1
BRDA:70,19,0,1
BRDA:70,19,1,2
BRDA:71,20,0,2
BRDA:71,20,1,1
BRDA:72,21,0,1
BRDA:72,21,1,2
BRF:44
BRH:44
end_of_record
