TN:
SF:graphql\mutations\addRoleToUserMutation.js
FN:12,(anonymous_0)
FNF:1
FNH:1
FNDA:5,(anonymous_0)
DA:1,8
DA:2,8
DA:3,8
DA:4,8
DA:6,8
DA:14,5
DA:16,4
DA:17,4
DA:19,3
DA:20,3
DA:23,2
DA:24,2
DA:26,1
DA:28,1
DA:29,1
LF:15
LH:15
BRDA:17,0,0,1
BRDA:17,0,1,3
BRDA:20,1,0,1
BRDA:20,1,1,2
BRDA:24,2,0,1
BRDA:24,2,1,1
BRF:6
BRH:6
end_of_record
TN:
SF:graphql\mutations\addUserToProjectMutation.js
FN:11,(anonymous_0)
FNF:1
FNH:1
FNDA:6,(anonymous_0)
DA:1,8
DA:2,8
DA:3,8
DA:4,8
DA:6,8
DA:12,6
DA:13,6
DA:14,6
DA:16,5
DA:17,5
DA:19,4
DA:20,4
DA:22,3
DA:26,3
DA:27,1
DA:30,2
DA:32,2
LF:17
LH:17
BRDA:12,0,0,6
BRDA:12,0,1,1
BRDA:17,1,0,1
BRDA:17,1,1,4
BRDA:20,2,0,1
BRDA:20,2,1,3
BRDA:26,3,0,1
BRDA:26,3,1,2
BRF:8
BRH:8
end_of_record
TN:
SF:graphql\mutations\createProjectMutation.js
FN:16,(anonymous_0)
FNF:1
FNH:1
FNDA:12,(anonymous_0)
DA:1,8
DA:2,8
DA:3,8
DA:4,8
DA:5,8
DA:7,8
DA:8,8
DA:9,8
DA:11,8
DA:17,12
DA:18,12
DA:19,12
DA:20,12
DA:21,12
DA:22,12
DA:24,11
DA:25,10
DA:26,2
DA:28,8
DA:29,1
DA:32,7
DA:33,7
DA:34,1
DA:37,6
DA:38,3
DA:39,3
DA:40,1
DA:42,2
DA:43,2
DA:44,1
DA:48,4
DA:54,4
LF:32
LH:32
BRDA:17,0,0,12
BRDA:17,0,1,1
BRDA:18,1,0,12
BRDA:18,1,1,1
BRDA:20,2,0,11
BRDA:20,2,1,1
BRDA:24,3,0,1
BRDA:24,3,1,10
BRDA:25,4,0,2
BRDA:25,4,1,8
BRDA:25,5,0,10
BRDA:25,5,1,9
BRDA:28,6,0,1
BRDA:28,6,1,7
BRDA:28,7,0,8
BRDA:28,7,1,7
BRDA:33,8,0,1
BRDA:33,8,1,6
BRDA:37,9,0,3
BRDA:37,9,1,3
BRDA:39,10,0,1
BRDA:39,10,1,2
BRDA:43,11,0,1
BRDA:43,11,1,1
BRDA:50,12,0,4
BRDA:50,12,1,1
BRDA:51,13,0,4
BRDA:51,13,1,3
BRF:28
BRH:28
end_of_record
TN:
SF:graphql\mutations\deleteProjectMutation.js
FN:10,(anonymous_0)
FNF:1
FNH:1
FNDA:3,(anonymous_0)
DA:1,8
DA:2,8
DA:3,8
DA:5,8
DA:11,3
DA:13,2
DA:14,2
DA:16,1
DA:18,1
LF:9
LH:9
BRDA:14,0,0,1
BRDA:14,0,1,1
BRF:2
BRH:2
end_of_record
TN:
SF:graphql\mutations\loginMutation.js
FN:21,(anonymous_0)
FN:46,(anonymous_1)
FNF:2
FNH:2
FNDA:10,(anonymous_0)
FNDA:1,(anonymous_1)
DA:1,8
DA:2,8
DA:3,8
DA:5,8
DA:6,8
DA:7,8
DA:8,8
DA:10,8
DA:11,8
DA:12,8
DA:13,8
DA:14,8
DA:16,8
DA:22,10
DA:23,10
DA:25,10
DA:26,9
DA:27,2
DA:29,7
DA:31,6
DA:32,5
DA:33,2
DA:36,3
DA:37,3
DA:38,1
DA:41,2
DA:42,2
DA:43,1
DA:46,1
DA:47,1
DA:49,1
LF:31
LH:31
BRDA:22,0,0,10
BRDA:22,0,1,1
BRDA:23,1,0,10
BRDA:23,1,1,1
BRDA:25,2,0,1
BRDA:25,2,1,9
BRDA:26,3,0,2
BRDA:26,3,1,7
BRDA:26,4,0,9
BRDA:26,4,1,8
BRDA:29,5,0,1
BRDA:29,5,1,6
BRDA:31,6,0,1
BRDA:31,6,1,5
BRDA:32,7,0,2
BRDA:32,7,1,3
BRDA:32,8,0,5
BRDA:32,8,1,4
BRDA:37,9,0,1
BRDA:37,9,1,2
BRDA:42,10,0,1
BRDA:42,10,1,1
BRF:22
BRH:22
end_of_record
TN:
SF:graphql\mutations\registerMutation.js
FN:25,(anonymous_0)
FN:90,(anonymous_1)
FNF:2
FNH:2
FNDA:20,(anonymous_0)
FNDA:1,(anonymous_1)
DA:1,8
DA:2,8
DA:3,8
DA:5,8
DA:6,8
DA:7,8
DA:8,8
DA:10,8
DA:11,8
DA:12,8
DA:13,8
DA:14,8
DA:15,8
DA:16,8
DA:17,8
DA:18,8
DA:20,8
DA:26,20
DA:27,20
DA:28,20
DA:29,20
DA:30,20
DA:32,20
DA:33,19
DA:34,2
DA:36,17
DA:38,16
DA:39,15
DA:40,2
DA:43,13
DA:44,12
DA:45,2
DA:48,10
DA:49,9
DA:50,2
DA:53,7
DA:54,6
DA:55,2
DA:58,4
DA:59,4
DA:60,1
DA:63,3
DA:64,3
DA:65,1
DA:68,2
DA:70,2
DA:80,2
DA:81,2
DA:83,1
DA:87,2
DA:88,2
DA:90,2
DA:91,2
DA:93,2
LF:54
LH:54
BRDA:26,0,0,20
BRDA:26,0,1,1
BRDA:27,1,0,20
BRDA:27,1,1,1
BRDA:28,2,0,20
BRDA:28,2,1,1
BRDA:29,3,0,20
BRDA:29,3,1,1
BRDA:30,4,0,20
BRDA:30,4,1,1
BRDA:32,5,0,1
BRDA:32,5,1,19
BRDA:33,6,0,2
BRDA:33,6,1,17
BRDA:33,7,0,19
BRDA:33,7,1,18
BRDA:36,8,0,1
BRDA:36,8,1,16
BRDA:38,9,0,1
BRDA:38,9,1,15
BRDA:39,10,0,2
BRDA:39,10,1,13
BRDA:39,11,0,15
BRDA:39,11,1,14
BRDA:43,12,0,1
BRDA:43,12,1,12
BRDA:44,13,0,2
BRDA:44,13,1,10
BRDA:44,14,0,12
BRDA:44,14,1,11
BRDA:48,15,0,1
BRDA:48,15,1,9
BRDA:49,16,0,2
BRDA:49,16,1,7
BRDA:49,17,0,9
BRDA:49,17,1,8
BRDA:53,18,0,1
BRDA:53,18,1,6
BRDA:54,19,0,2
BRDA:54,19,1,4
BRDA:54,20,0,6
BRDA:54,20,1,5
BRDA:59,21,0,1
BRDA:59,21,1,3
BRDA:64,22,0,1
BRDA:64,22,1,2
BRDA:81,23,0,1
BRDA:81,23,1,1
BRF:48
BRH:48
end_of_record
TN:
SF:graphql\mutations\removeUserFromProjectMutation.js
FN:11,(anonymous_0)
FNF:1
FNH:1
FNDA:3,(anonymous_0)
DA:1,8
DA:2,8
DA:3,8
DA:4,8
DA:6,8
DA:12,3
DA:13,3
DA:15,2
DA:19,2
DA:20,1
DA:23,1
LF:11
LH:11
BRDA:19,0,0,1
BRDA:19,0,1,1
BRF:2
BRH:2
end_of_record
TN:
SF:graphql\mutations\updateProjectMutation.js
FN:16,(anonymous_0)
FNF:1
FNH:1
FNDA:9,(anonymous_0)
DA:1,8
DA:2,8
DA:3,8
DA:4,8
DA:5,8
DA:7,8
DA:8,8
DA:9,8
DA:11,8
DA:17,9
DA:18,9
DA:20,8
DA:21,8
DA:23,7
DA:24,6
DA:25,6
DA:26,5
DA:27,2
DA:29,3
DA:32,4
DA:33,3
DA:34,3
DA:35,1
DA:37,2
DA:40,3
DA:41,2
DA:42,2
DA:45,2
DA:47,2
LF:29
LH:29
BRDA:21,0,0,1
BRDA:21,0,1,7
BRDA:23,1,0,6
BRDA:23,1,1,1
BRDA:25,2,0,1
BRDA:25,2,1,5
BRDA:26,3,0,2
BRDA:26,3,1,3
BRDA:26,4,0,5
BRDA:26,4,1,4
BRDA:32,5,0,3
BRDA:32,5,1,1
BRDA:34,6,0,1
BRDA:34,6,1,2
BRDA:34,7,0,3
BRDA:34,7,1,3
BRDA:40,8,0,2
BRDA:40,8,1,1
BRDA:42,9,0,1
BRDA:42,9,1,1
BRF:20
BRH:20
end_of_record
